{
  "uid" : "254577fd3359c79",
  "name" : "test_first_scenario",
  "fullName" : "tests.UI_tests.tensor_test.TestTensorSuite#test_first_scenario",
  "historyId" : "0d3472aee69ab5c8a4e8dc2f3bce6cfd",
  "time" : {
    "start" : 1711973371592,
    "stop" : 1711973381538,
    "duration" : 9946
  },
  "description" : "Сравнение размеров картинок в блоке 'Работаем'",
  "descriptionHtml" : "<p>Сравнение размеров картинок в блоке 'Работаем'</p>\n",
  "status" : "broken",
  "statusMessage" : "selenium.common.exceptions.StaleElementReferenceException: Message: stale element reference: stale element not found\n  (Session info: chrome-headless-shell=122.0.6261.69); For documentation on this error, please visit: https://www.selenium.dev/documentation/webdriver/troubleshooting/errors#stale-element-reference-exception\nStacktrace:\n#0 0x55a7694b3793 <unknown>\n#1 0x55a7691a71c6 <unknown>\n#2 0x55a7691ac59c <unknown>\n#3 0x55a7691ae32b <unknown>\n#4 0x55a7691ae3cc <unknown>\n#5 0x55a7691f3f12 <unknown>\n#6 0x55a7691e70e1 <unknown>\n#7 0x55a7692143d2 <unknown>\n#8 0x55a7691e6bd8 <unknown>\n#9 0x55a76921459e <unknown>\n#10 0x55a769232dd9 <unknown>\n#11 0x55a769214173 <unknown>\n#12 0x55a7691e52d3 <unknown>\n#13 0x55a7691e5c9e <unknown>\n#14 0x55a7694778cb <unknown>\n#15 0x55a76947b745 <unknown>\n#16 0x55a7694642e1 <unknown>\n#17 0x55a76947c2d2 <unknown>\n#18 0x55a76944817f <unknown>\n#19 0x55a7694a1dc8 <unknown>\n#20 0x55a7694a1fc3 <unknown>\n#21 0x55a7694b2944 <unknown>\n#22 0x7fbdb3ca0ac3 <unknown>",
  "statusTrace" : "self = <tensor_test.TestTensorSuite object at 0x7f8b1f15b670>\ndriver = <selenium.webdriver.remote.webdriver.WebDriver (session=\"8779554e4cecb482cc537891258ac37d\")>\n\n    @allure.description(\"Сравнение размеров картинок в блоке 'Работаем'\")\n    def test_first_scenario(self, driver):\n        self.sbis_home_page.open()\n        self.sbis_home_page.is_opened()\n        self.sbis_home_page.click_to_contacts_link()\n        self.sbis_contacts_page.is_opened()\n        self.sbis_window = driver.current_window_handle\n        self.sbis_contacts_page.click_to_tensor_banner()\n        self.tensor_home_page.switch_to_self(self.sbis_window)\n        self.tensor_window = driver.current_window_handle\n        self.tensor_home_page.is_opened()\n        self.tensor_home_page.is_working_block_present()\n        self.tensor_home_page.is_details_present()\n>       self.tensor_home_page.click_to_details_link()\n\ntests/UI_tests/tensor_test.py:29: \n_ _ _ _ _ _ _ _ _ _ _ _ _ _ _ _ _ _ _ _ _ _ _ _ _ _ _ _ _ _ _ _ _ _ _ _ _ _ _ _ \ncore/POM/pages/tensor_home_page.py:35: in click_to_details_link\n    element.click()\n../local/lib/python3.10/site-packages/selenium/webdriver/remote/webelement.py:94: in click\n    self._execute(Command.CLICK_ELEMENT)\n../local/lib/python3.10/site-packages/selenium/webdriver/remote/webelement.py:395: in _execute\n    return self._parent.execute(command, params)\n../local/lib/python3.10/site-packages/selenium/webdriver/remote/webdriver.py:347: in execute\n    self.error_handler.check_response(response)\n_ _ _ _ _ _ _ _ _ _ _ _ _ _ _ _ _ _ _ _ _ _ _ _ _ _ _ _ _ _ _ _ _ _ _ _ _ _ _ _ \n\nself = <selenium.webdriver.remote.errorhandler.ErrorHandler object at 0x7f8b1f15a6b0>\nresponse = {'status': 404, 'value': '{\"value\":{\"error\":\"stale element reference\",\"message\":\"stale element reference: stale elemen...\\\\n#20 0x55a7694a1fc3 \\\\u003Cunknown>\\\\n#21 0x55a7694b2944 \\\\u003Cunknown>\\\\n#22 0x7fbdb3ca0ac3 \\\\u003Cunknown>\\\\n\"}}'}\n\n    def check_response(self, response: Dict[str, Any]) -> None:\n        \"\"\"Checks that a JSON response from the WebDriver does not have an\n        error.\n    \n        :Args:\n         - response - The JSON response from the WebDriver server as a dictionary\n           object.\n    \n        :Raises: If the response contains an error message.\n        \"\"\"\n        status = response.get(\"status\", None)\n        if not status or status == ErrorCode.SUCCESS:\n            return\n        value = None\n        message = response.get(\"message\", \"\")\n        screen: str = response.get(\"screen\", \"\")\n        stacktrace = None\n        if isinstance(status, int):\n            value_json = response.get(\"value\", None)\n            if value_json and isinstance(value_json, str):\n                import json\n    \n                try:\n                    value = json.loads(value_json)\n                    if len(value) == 1:\n                        value = value[\"value\"]\n                    status = value.get(\"error\", None)\n                    if not status:\n                        status = value.get(\"status\", ErrorCode.UNKNOWN_ERROR)\n                        message = value.get(\"value\") or value.get(\"message\")\n                        if not isinstance(message, str):\n                            value = message\n                            message = message.get(\"message\")\n                    else:\n                        message = value.get(\"message\", None)\n                except ValueError:\n                    pass\n    \n        exception_class: Type[WebDriverException]\n        e = ErrorCode()\n        error_codes = [item for item in dir(e) if not item.startswith(\"__\")]\n        for error_code in error_codes:\n            error_info = getattr(ErrorCode, error_code)\n            if isinstance(error_info, list) and status in error_info:\n                exception_class = getattr(ExceptionMapping, error_code, WebDriverException)\n                break\n        else:\n            exception_class = WebDriverException\n    \n        if not value:\n            value = response[\"value\"]\n        if isinstance(value, str):\n            raise exception_class(value)\n        if message == \"\" and \"message\" in value:\n            message = value[\"message\"]\n    \n        screen = None  # type: ignore[assignment]\n        if \"screen\" in value:\n            screen = value[\"screen\"]\n    \n        stacktrace = None\n        st_value = value.get(\"stackTrace\") or value.get(\"stacktrace\")\n        if st_value:\n            if isinstance(st_value, str):\n                stacktrace = st_value.split(\"\\n\")\n            else:\n                stacktrace = []\n                try:\n                    for frame in st_value:\n                        line = frame.get(\"lineNumber\", \"\")\n                        file = frame.get(\"fileName\", \"<anonymous>\")\n                        if line:\n                            file = f\"{file}:{line}\"\n                        meth = frame.get(\"methodName\", \"<anonymous>\")\n                        if \"className\" in frame:\n                            meth = f\"{frame['className']}.{meth}\"\n                        msg = \"    at %s (%s)\"\n                        msg = msg % (meth, file)\n                        stacktrace.append(msg)\n                except TypeError:\n                    pass\n        if exception_class == UnexpectedAlertPresentException:\n            alert_text = None\n            if \"data\" in value:\n                alert_text = value[\"data\"].get(\"text\")\n            elif \"alert\" in value:\n                alert_text = value[\"alert\"].get(\"text\")\n            raise exception_class(message, screen, stacktrace, alert_text)  # type: ignore[call-arg]  # mypy is not smart enough here\n>       raise exception_class(message, screen, stacktrace)\nE       selenium.common.exceptions.StaleElementReferenceException: Message: stale element reference: stale element not found\nE         (Session info: chrome-headless-shell=122.0.6261.69); For documentation on this error, please visit: https://www.selenium.dev/documentation/webdriver/troubleshooting/errors#stale-element-reference-exception\nE       Stacktrace:\nE       #0 0x55a7694b3793 <unknown>\nE       #1 0x55a7691a71c6 <unknown>\nE       #2 0x55a7691ac59c <unknown>\nE       #3 0x55a7691ae32b <unknown>\nE       #4 0x55a7691ae3cc <unknown>\nE       #5 0x55a7691f3f12 <unknown>\nE       #6 0x55a7691e70e1 <unknown>\nE       #7 0x55a7692143d2 <unknown>\nE       #8 0x55a7691e6bd8 <unknown>\nE       #9 0x55a76921459e <unknown>\nE       #10 0x55a769232dd9 <unknown>\nE       #11 0x55a769214173 <unknown>\nE       #12 0x55a7691e52d3 <unknown>\nE       #13 0x55a7691e5c9e <unknown>\nE       #14 0x55a7694778cb <unknown>\nE       #15 0x55a76947b745 <unknown>\nE       #16 0x55a7694642e1 <unknown>\nE       #17 0x55a76947c2d2 <unknown>\nE       #18 0x55a76944817f <unknown>\nE       #19 0x55a7694a1dc8 <unknown>\nE       #20 0x55a7694a1fc3 <unknown>\nE       #21 0x55a7694b2944 <unknown>\nE       #22 0x7fbdb3ca0ac3 <unknown>\n\n../local/lib/python3.10/site-packages/selenium/webdriver/remote/errorhandler.py:229: StaleElementReferenceException",
  "flaky" : false,
  "newFailed" : false,
  "beforeStages" : [ {
    "name" : "setup",
    "time" : {
      "start" : 1711973371592,
      "stop" : 1711973371592,
      "duration" : 0
    },
    "status" : "passed",
    "steps" : [ ],
    "attachments" : [ ],
    "parameters" : [ ],
    "attachmentsCount" : 0,
    "shouldDisplayMessage" : false,
    "stepsCount" : 0,
    "hasContent" : false
  }, {
    "name" : "driver",
    "time" : {
      "start" : 1711973371069,
      "stop" : 1711973371591,
      "duration" : 522
    },
    "status" : "passed",
    "steps" : [ ],
    "attachments" : [ ],
    "parameters" : [ ],
    "attachmentsCount" : 0,
    "shouldDisplayMessage" : false,
    "stepsCount" : 0,
    "hasContent" : false
  }, {
    "name" : "remove_download_directory",
    "time" : {
      "start" : 1711973371069,
      "stop" : 1711973371069,
      "duration" : 0
    },
    "status" : "passed",
    "steps" : [ ],
    "attachments" : [ ],
    "parameters" : [ ],
    "attachmentsCount" : 0,
    "shouldDisplayMessage" : false,
    "stepsCount" : 0,
    "hasContent" : false
  } ],
  "testStage" : {
    "description" : "Сравнение размеров картинок в блоке 'Работаем'",
    "status" : "broken",
    "statusMessage" : "selenium.common.exceptions.StaleElementReferenceException: Message: stale element reference: stale element not found\n  (Session info: chrome-headless-shell=122.0.6261.69); For documentation on this error, please visit: https://www.selenium.dev/documentation/webdriver/troubleshooting/errors#stale-element-reference-exception\nStacktrace:\n#0 0x55a7694b3793 <unknown>\n#1 0x55a7691a71c6 <unknown>\n#2 0x55a7691ac59c <unknown>\n#3 0x55a7691ae32b <unknown>\n#4 0x55a7691ae3cc <unknown>\n#5 0x55a7691f3f12 <unknown>\n#6 0x55a7691e70e1 <unknown>\n#7 0x55a7692143d2 <unknown>\n#8 0x55a7691e6bd8 <unknown>\n#9 0x55a76921459e <unknown>\n#10 0x55a769232dd9 <unknown>\n#11 0x55a769214173 <unknown>\n#12 0x55a7691e52d3 <unknown>\n#13 0x55a7691e5c9e <unknown>\n#14 0x55a7694778cb <unknown>\n#15 0x55a76947b745 <unknown>\n#16 0x55a7694642e1 <unknown>\n#17 0x55a76947c2d2 <unknown>\n#18 0x55a76944817f <unknown>\n#19 0x55a7694a1dc8 <unknown>\n#20 0x55a7694a1fc3 <unknown>\n#21 0x55a7694b2944 <unknown>\n#22 0x7fbdb3ca0ac3 <unknown>",
    "statusTrace" : "self = <tensor_test.TestTensorSuite object at 0x7f8b1f15b670>\ndriver = <selenium.webdriver.remote.webdriver.WebDriver (session=\"8779554e4cecb482cc537891258ac37d\")>\n\n    @allure.description(\"Сравнение размеров картинок в блоке 'Работаем'\")\n    def test_first_scenario(self, driver):\n        self.sbis_home_page.open()\n        self.sbis_home_page.is_opened()\n        self.sbis_home_page.click_to_contacts_link()\n        self.sbis_contacts_page.is_opened()\n        self.sbis_window = driver.current_window_handle\n        self.sbis_contacts_page.click_to_tensor_banner()\n        self.tensor_home_page.switch_to_self(self.sbis_window)\n        self.tensor_window = driver.current_window_handle\n        self.tensor_home_page.is_opened()\n        self.tensor_home_page.is_working_block_present()\n        self.tensor_home_page.is_details_present()\n>       self.tensor_home_page.click_to_details_link()\n\ntests/UI_tests/tensor_test.py:29: \n_ _ _ _ _ _ _ _ _ _ _ _ _ _ _ _ _ _ _ _ _ _ _ _ _ _ _ _ _ _ _ _ _ _ _ _ _ _ _ _ \ncore/POM/pages/tensor_home_page.py:35: in click_to_details_link\n    element.click()\n../local/lib/python3.10/site-packages/selenium/webdriver/remote/webelement.py:94: in click\n    self._execute(Command.CLICK_ELEMENT)\n../local/lib/python3.10/site-packages/selenium/webdriver/remote/webelement.py:395: in _execute\n    return self._parent.execute(command, params)\n../local/lib/python3.10/site-packages/selenium/webdriver/remote/webdriver.py:347: in execute\n    self.error_handler.check_response(response)\n_ _ _ _ _ _ _ _ _ _ _ _ _ _ _ _ _ _ _ _ _ _ _ _ _ _ _ _ _ _ _ _ _ _ _ _ _ _ _ _ \n\nself = <selenium.webdriver.remote.errorhandler.ErrorHandler object at 0x7f8b1f15a6b0>\nresponse = {'status': 404, 'value': '{\"value\":{\"error\":\"stale element reference\",\"message\":\"stale element reference: stale elemen...\\\\n#20 0x55a7694a1fc3 \\\\u003Cunknown>\\\\n#21 0x55a7694b2944 \\\\u003Cunknown>\\\\n#22 0x7fbdb3ca0ac3 \\\\u003Cunknown>\\\\n\"}}'}\n\n    def check_response(self, response: Dict[str, Any]) -> None:\n        \"\"\"Checks that a JSON response from the WebDriver does not have an\n        error.\n    \n        :Args:\n         - response - The JSON response from the WebDriver server as a dictionary\n           object.\n    \n        :Raises: If the response contains an error message.\n        \"\"\"\n        status = response.get(\"status\", None)\n        if not status or status == ErrorCode.SUCCESS:\n            return\n        value = None\n        message = response.get(\"message\", \"\")\n        screen: str = response.get(\"screen\", \"\")\n        stacktrace = None\n        if isinstance(status, int):\n            value_json = response.get(\"value\", None)\n            if value_json and isinstance(value_json, str):\n                import json\n    \n                try:\n                    value = json.loads(value_json)\n                    if len(value) == 1:\n                        value = value[\"value\"]\n                    status = value.get(\"error\", None)\n                    if not status:\n                        status = value.get(\"status\", ErrorCode.UNKNOWN_ERROR)\n                        message = value.get(\"value\") or value.get(\"message\")\n                        if not isinstance(message, str):\n                            value = message\n                            message = message.get(\"message\")\n                    else:\n                        message = value.get(\"message\", None)\n                except ValueError:\n                    pass\n    \n        exception_class: Type[WebDriverException]\n        e = ErrorCode()\n        error_codes = [item for item in dir(e) if not item.startswith(\"__\")]\n        for error_code in error_codes:\n            error_info = getattr(ErrorCode, error_code)\n            if isinstance(error_info, list) and status in error_info:\n                exception_class = getattr(ExceptionMapping, error_code, WebDriverException)\n                break\n        else:\n            exception_class = WebDriverException\n    \n        if not value:\n            value = response[\"value\"]\n        if isinstance(value, str):\n            raise exception_class(value)\n        if message == \"\" and \"message\" in value:\n            message = value[\"message\"]\n    \n        screen = None  # type: ignore[assignment]\n        if \"screen\" in value:\n            screen = value[\"screen\"]\n    \n        stacktrace = None\n        st_value = value.get(\"stackTrace\") or value.get(\"stacktrace\")\n        if st_value:\n            if isinstance(st_value, str):\n                stacktrace = st_value.split(\"\\n\")\n            else:\n                stacktrace = []\n                try:\n                    for frame in st_value:\n                        line = frame.get(\"lineNumber\", \"\")\n                        file = frame.get(\"fileName\", \"<anonymous>\")\n                        if line:\n                            file = f\"{file}:{line}\"\n                        meth = frame.get(\"methodName\", \"<anonymous>\")\n                        if \"className\" in frame:\n                            meth = f\"{frame['className']}.{meth}\"\n                        msg = \"    at %s (%s)\"\n                        msg = msg % (meth, file)\n                        stacktrace.append(msg)\n                except TypeError:\n                    pass\n        if exception_class == UnexpectedAlertPresentException:\n            alert_text = None\n            if \"data\" in value:\n                alert_text = value[\"data\"].get(\"text\")\n            elif \"alert\" in value:\n                alert_text = value[\"alert\"].get(\"text\")\n            raise exception_class(message, screen, stacktrace, alert_text)  # type: ignore[call-arg]  # mypy is not smart enough here\n>       raise exception_class(message, screen, stacktrace)\nE       selenium.common.exceptions.StaleElementReferenceException: Message: stale element reference: stale element not found\nE         (Session info: chrome-headless-shell=122.0.6261.69); For documentation on this error, please visit: https://www.selenium.dev/documentation/webdriver/troubleshooting/errors#stale-element-reference-exception\nE       Stacktrace:\nE       #0 0x55a7694b3793 <unknown>\nE       #1 0x55a7691a71c6 <unknown>\nE       #2 0x55a7691ac59c <unknown>\nE       #3 0x55a7691ae32b <unknown>\nE       #4 0x55a7691ae3cc <unknown>\nE       #5 0x55a7691f3f12 <unknown>\nE       #6 0x55a7691e70e1 <unknown>\nE       #7 0x55a7692143d2 <unknown>\nE       #8 0x55a7691e6bd8 <unknown>\nE       #9 0x55a76921459e <unknown>\nE       #10 0x55a769232dd9 <unknown>\nE       #11 0x55a769214173 <unknown>\nE       #12 0x55a7691e52d3 <unknown>\nE       #13 0x55a7691e5c9e <unknown>\nE       #14 0x55a7694778cb <unknown>\nE       #15 0x55a76947b745 <unknown>\nE       #16 0x55a7694642e1 <unknown>\nE       #17 0x55a76947c2d2 <unknown>\nE       #18 0x55a76944817f <unknown>\nE       #19 0x55a7694a1dc8 <unknown>\nE       #20 0x55a7694a1fc3 <unknown>\nE       #21 0x55a7694b2944 <unknown>\nE       #22 0x7fbdb3ca0ac3 <unknown>\n\n../local/lib/python3.10/site-packages/selenium/webdriver/remote/errorhandler.py:229: StaleElementReferenceException",
    "steps" : [ {
      "name" : "Open https://sbis.ru page",
      "time" : {
        "start" : 1711973371592,
        "stop" : 1711973376339,
        "duration" : 4747
      },
      "status" : "passed",
      "steps" : [ ],
      "attachments" : [ ],
      "parameters" : [ ],
      "attachmentsCount" : 0,
      "shouldDisplayMessage" : false,
      "stepsCount" : 0,
      "hasContent" : false
    }, {
      "name" : "Page https://sbis.ru is opened",
      "time" : {
        "start" : 1711973376339,
        "stop" : 1711973376357,
        "duration" : 18
      },
      "status" : "passed",
      "steps" : [ ],
      "attachments" : [ ],
      "parameters" : [ ],
      "attachmentsCount" : 0,
      "shouldDisplayMessage" : false,
      "stepsCount" : 0,
      "hasContent" : false
    }, {
      "name" : "Click on 'Контакты' link",
      "time" : {
        "start" : 1711973376357,
        "stop" : 1711973377885,
        "duration" : 1528
      },
      "status" : "passed",
      "steps" : [ ],
      "attachments" : [ ],
      "parameters" : [ ],
      "attachmentsCount" : 0,
      "shouldDisplayMessage" : false,
      "stepsCount" : 0,
      "hasContent" : false
    }, {
      "name" : "Page https://sbis.ru/contacts is opened",
      "time" : {
        "start" : 1711973377885,
        "stop" : 1711973378990,
        "duration" : 1105
      },
      "status" : "passed",
      "steps" : [ ],
      "attachments" : [ ],
      "parameters" : [ ],
      "attachmentsCount" : 0,
      "shouldDisplayMessage" : false,
      "stepsCount" : 0,
      "hasContent" : false
    }, {
      "name" : "Click to Tensor banner",
      "time" : {
        "start" : 1711973378998,
        "stop" : 1711973379103,
        "duration" : 105
      },
      "status" : "passed",
      "steps" : [ ],
      "attachments" : [ ],
      "parameters" : [ ],
      "attachmentsCount" : 0,
      "shouldDisplayMessage" : false,
      "stepsCount" : 0,
      "hasContent" : false
    }, {
      "name" : "Switch to https://tensor.ru page",
      "time" : {
        "start" : 1711973379103,
        "stop" : 1711973379911,
        "duration" : 808
      },
      "status" : "passed",
      "steps" : [ ],
      "attachments" : [ ],
      "parameters" : [ ],
      "attachmentsCount" : 0,
      "shouldDisplayMessage" : false,
      "stepsCount" : 0,
      "hasContent" : false
    }, {
      "name" : "Page https://tensor.ru is opened",
      "time" : {
        "start" : 1711973379917,
        "stop" : 1711973381207,
        "duration" : 1290
      },
      "status" : "passed",
      "steps" : [ ],
      "attachments" : [ ],
      "parameters" : [ ],
      "attachmentsCount" : 0,
      "shouldDisplayMessage" : false,
      "stepsCount" : 0,
      "hasContent" : false
    }, {
      "name" : "Block 'Сила в людях' is present",
      "time" : {
        "start" : 1711973381207,
        "stop" : 1711973381224,
        "duration" : 17
      },
      "status" : "passed",
      "steps" : [ ],
      "attachments" : [ ],
      "parameters" : [ ],
      "attachmentsCount" : 0,
      "shouldDisplayMessage" : false,
      "stepsCount" : 0,
      "hasContent" : false
    }, {
      "name" : "Link 'Подробнее' is present",
      "time" : {
        "start" : 1711973381224,
        "stop" : 1711973381271,
        "duration" : 47
      },
      "status" : "passed",
      "steps" : [ ],
      "attachments" : [ ],
      "parameters" : [ ],
      "attachmentsCount" : 0,
      "shouldDisplayMessage" : false,
      "stepsCount" : 0,
      "hasContent" : false
    }, {
      "name" : "Click on 'Подробнее' link",
      "time" : {
        "start" : 1711973381271,
        "stop" : 1711973381537,
        "duration" : 266
      },
      "status" : "broken",
      "statusMessage" : "selenium.common.exceptions.StaleElementReferenceException: Message: stale element reference: stale element not found\n  (Session info: chrome-headless-shell=122.0.6261.69); For documentation on this error, please visit: https://www.selenium.dev/documentation/webdriver/troubleshooting/errors#stale-element-reference-exception\nStacktrace:\n#0 0x55a7694b3793 <unknown>\n#1 0x55a7691a71c6 <unknown>\n#2 0x55a7691ac59c <unknown>\n#3 0x55a7691ae32b <unknown>\n#4 0x55a7691ae3cc <unknown>\n#5 0x55a7691f3f12 <unknown>\n#6 0x55a7691e70e1 <unknown>\n#7 0x55a7692143d2 <unknown>\n#8 0x55a7691e6bd8 <unknown>\n#9 0x55a76921459e <unknown>\n#10 0x55a769232dd9 <unknown>\n#11 0x55a769214173 <unknown>\n#12 0x55a7691e52d3 <unknown>\n#13 0x55a7691e5c9e <unknown>\n#14 0x55a7694778cb <unknown>\n#15 0x55a76947b745 <unknown>\n#16 0x55a7694642e1 <unknown>\n#17 0x55a76947c2d2 <unknown>\n#18 0x55a76944817f <unknown>\n#19 0x55a7694a1dc8 <unknown>\n#20 0x55a7694a1fc3 <unknown>\n#21 0x55a7694b2944 <unknown>\n#22 0x7fbdb3ca0ac3 <unknown>\n\n",
      "statusTrace" : "  File \"/usr/workspace/core/POM/pages/tensor_home_page.py\", line 35, in click_to_details_link\n    element.click()\n  File \"/usr/local/lib/python3.10/site-packages/selenium/webdriver/remote/webelement.py\", line 94, in click\n    self._execute(Command.CLICK_ELEMENT)\n  File \"/usr/local/lib/python3.10/site-packages/selenium/webdriver/remote/webelement.py\", line 395, in _execute\n    return self._parent.execute(command, params)\n  File \"/usr/local/lib/python3.10/site-packages/selenium/webdriver/remote/webdriver.py\", line 347, in execute\n    self.error_handler.check_response(response)\n  File \"/usr/local/lib/python3.10/site-packages/selenium/webdriver/remote/errorhandler.py\", line 229, in check_response\n    raise exception_class(message, screen, stacktrace)\n",
      "steps" : [ ],
      "attachments" : [ ],
      "parameters" : [ ],
      "attachmentsCount" : 0,
      "shouldDisplayMessage" : true,
      "stepsCount" : 0,
      "hasContent" : true
    } ],
    "attachments" : [ {
      "uid" : "235176ba89ad7601",
      "name" : "chrome-headless-shell-screenshot 2024-04-01 12:09:43.072574",
      "source" : "235176ba89ad7601.png",
      "type" : "image/png",
      "size" : 1260246
    } ],
    "parameters" : [ ],
    "attachmentsCount" : 1,
    "shouldDisplayMessage" : true,
    "stepsCount" : 10,
    "hasContent" : true
  },
  "afterStages" : [ {
    "name" : "driver::0",
    "time" : {
      "start" : 1711973383075,
      "stop" : 1711973383184,
      "duration" : 109
    },
    "status" : "passed",
    "steps" : [ ],
    "attachments" : [ ],
    "parameters" : [ ],
    "attachmentsCount" : 0,
    "shouldDisplayMessage" : false,
    "stepsCount" : 0,
    "hasContent" : false
  } ],
  "labels" : [ {
    "name" : "parentSuite",
    "value" : "tests.UI_tests"
  }, {
    "name" : "suite",
    "value" : "tensor_test"
  }, {
    "name" : "subSuite",
    "value" : "TestTensorSuite"
  }, {
    "name" : "host",
    "value" : "8776d7dd27c7"
  }, {
    "name" : "thread",
    "value" : "7-MainThread"
  }, {
    "name" : "framework",
    "value" : "pytest"
  }, {
    "name" : "language",
    "value" : "cpython3"
  }, {
    "name" : "package",
    "value" : "tests.UI_tests.tensor_test"
  }, {
    "name" : "resultFormat",
    "value" : "allure2"
  } ],
  "parameters" : [ ],
  "links" : [ ],
  "hidden" : false,
  "retry" : false,
  "extra" : {
    "severity" : "normal",
    "retries" : [ ],
    "categories" : [ {
      "name" : "Test defects",
      "matchedStatuses" : [ ],
      "flaky" : false
    } ],
    "history" : {
      "statistic" : {
        "failed" : 0,
        "broken" : 10,
        "skipped" : 0,
        "passed" : 33,
        "unknown" : 0,
        "total" : 43
      },
      "items" : [ {
        "uid" : "4b897c436fdbbe34",
        "status" : "passed",
        "time" : {
          "start" : 1710423230863,
          "stop" : 1710423246955,
          "duration" : 16092
        }
      }, {
        "uid" : "6aa034509f897d5e",
        "status" : "passed",
        "time" : {
          "start" : 1710419345705,
          "stop" : 1710419360372,
          "duration" : 14667
        }
      }, {
        "uid" : "6678b3de1aa63a07",
        "status" : "passed",
        "time" : {
          "start" : 1710415793261,
          "stop" : 1710415811202,
          "duration" : 17941
        }
      }, {
        "uid" : "afbdf6e424dea70d",
        "status" : "broken",
        "statusDetails" : "selenium.common.exceptions.StaleElementReferenceException: Message: stale element reference: stale element not found\n  (Session info: chrome-headless-shell=122.0.6261.69); For documentation on this error, please visit: https://www.selenium.dev/documentation/webdriver/troubleshooting/errors#stale-element-reference-exception\nStacktrace:\n#0 0x63d033544793 <unknown>\n#1 0x63d0332381c6 <unknown>\n#2 0x63d03323d59c <unknown>\n#3 0x63d03323f5f2 <unknown>\n#4 0x63d0332c4de8 <unknown>\n#5 0x63d0332a53d2 <unknown>\n#6 0x63d0332c3dd9 <unknown>\n#7 0x63d0332a5173 <unknown>\n#8 0x63d0332762d3 <unknown>\n#9 0x63d033276c9e <unknown>\n#10 0x63d0335088cb <unknown>\n#11 0x63d03350c745 <unknown>\n#12 0x63d0334f52e1 <unknown>\n#13 0x63d03350d2d2 <unknown>\n#14 0x63d0334d917f <unknown>\n#15 0x63d033532dc8 <unknown>\n#16 0x63d033532fc3 <unknown>\n#17 0x63d033543944 <unknown>\n#18 0x79751b204ac3 <unknown>",
        "time" : {
          "start" : 1710396512872,
          "stop" : 1710396522584,
          "duration" : 9712
        }
      }, {
        "uid" : "ea28737506e7a055",
        "status" : "passed",
        "time" : {
          "start" : 1710355294734,
          "stop" : 1710355310311,
          "duration" : 15577
        }
      }, {
        "uid" : "58b0e763965e4852",
        "status" : "passed",
        "time" : {
          "start" : 1710354706686,
          "stop" : 1710354722399,
          "duration" : 15713
        }
      }, {
        "uid" : "606a5f351b74568f",
        "status" : "broken",
        "statusDetails" : "selenium.common.exceptions.StaleElementReferenceException: Message: stale element reference: stale element not found\n  (Session info: chrome-headless-shell=122.0.6261.69); For documentation on this error, please visit: https://www.selenium.dev/documentation/webdriver/troubleshooting/errors#stale-element-reference-exception\nStacktrace:\n#0 0x5cdfa8c30793 <unknown>\n#1 0x5cdfa89241c6 <unknown>\n#2 0x5cdfa892959c <unknown>\n#3 0x5cdfa892b5f2 <unknown>\n#4 0x5cdfa89b0de8 <unknown>\n#5 0x5cdfa89913d2 <unknown>\n#6 0x5cdfa89afdd9 <unknown>\n#7 0x5cdfa8991173 <unknown>\n#8 0x5cdfa89622d3 <unknown>\n#9 0x5cdfa8962c9e <unknown>\n#10 0x5cdfa8bf48cb <unknown>\n#11 0x5cdfa8bf8745 <unknown>\n#12 0x5cdfa8be12e1 <unknown>\n#13 0x5cdfa8bf92d2 <unknown>\n#14 0x5cdfa8bc517f <unknown>\n#15 0x5cdfa8c1edc8 <unknown>\n#16 0x5cdfa8c1efc3 <unknown>\n#17 0x5cdfa8c2f944 <unknown>\n#18 0x72fcf943bac3 <unknown>",
        "time" : {
          "start" : 1710353889258,
          "stop" : 1710353899909,
          "duration" : 10651
        }
      }, {
        "uid" : "1c1a28ae60283ec1",
        "status" : "passed",
        "time" : {
          "start" : 1710352666696,
          "stop" : 1710352681695,
          "duration" : 14999
        }
      }, {
        "uid" : "8379d6e06ed05408",
        "status" : "broken",
        "statusDetails" : "selenium.common.exceptions.StaleElementReferenceException: Message: stale element reference: stale element not found\n  (Session info: chrome-headless-shell=122.0.6261.69); For documentation on this error, please visit: https://www.selenium.dev/documentation/webdriver/troubleshooting/errors#stale-element-reference-exception\nStacktrace:\n#0 0x55b76103e793 <unknown>\n#1 0x55b760d321c6 <unknown>\n#2 0x55b760d3759c <unknown>\n#3 0x55b760d3932b <unknown>\n#4 0x55b760d393cc <unknown>\n#5 0x55b760d83eac <unknown>\n#6 0x55b760d81ea5 <unknown>\n#7 0x55b760d7f877 <unknown>\n#8 0x55b760d7e6e8 <unknown>\n#9 0x55b760d72247 <unknown>\n#10 0x55b760d9f3d2 <unknown>\n#11 0x55b760d71bd8 <unknown>\n#12 0x55b760d9f59e <unknown>\n#13 0x55b760dbddd9 <unknown>\n#14 0x55b760d9f173 <unknown>\n#15 0x55b760d702d3 <unknown>\n#16 0x55b760d70c9e <unknown>\n#17 0x55b7610028cb <unknown>\n#18 0x55b761006745 <unknown>\n#19 0x55b760fef2e1 <unknown>\n#20 0x55b7610072d2 <unknown>\n#21 0x55b760fd317f <unknown>\n#22 0x55b76102cdc8 <unknown>\n#23 0x55b76102cfc3 <unknown>\n#24 0x55b76103d944 <unknown>\n#25 0x7fe089887ac3 <unknown>",
        "time" : {
          "start" : 1710351063539,
          "stop" : 1710351078491,
          "duration" : 14952
        }
      }, {
        "uid" : "a8308146ea1c1245",
        "status" : "passed",
        "time" : {
          "start" : 1710350112407,
          "stop" : 1710350132170,
          "duration" : 19763
        }
      }, {
        "uid" : "60e185f18fb9ec75",
        "status" : "passed",
        "time" : {
          "start" : 1710349947444,
          "stop" : 1710349960369,
          "duration" : 12925
        }
      }, {
        "uid" : "12096c940d1a3678",
        "status" : "passed",
        "time" : {
          "start" : 1710349173872,
          "stop" : 1710349186643,
          "duration" : 12771
        }
      }, {
        "uid" : "98783aaa07ea0ceb",
        "status" : "passed",
        "time" : {
          "start" : 1710348017379,
          "stop" : 1710348030566,
          "duration" : 13187
        }
      }, {
        "uid" : "c5528f21aaa59992",
        "status" : "passed",
        "time" : {
          "start" : 1710338659467,
          "stop" : 1710338674834,
          "duration" : 15367
        }
      }, {
        "uid" : "80f7a0c2946eb90d",
        "status" : "passed",
        "time" : {
          "start" : 1710335451095,
          "stop" : 1710335457203,
          "duration" : 6108
        }
      }, {
        "uid" : "7f217d7e86b21077",
        "status" : "passed",
        "time" : {
          "start" : 1710335372106,
          "stop" : 1710335378052,
          "duration" : 5946
        }
      }, {
        "uid" : "5dada13d0cd29a60",
        "status" : "passed",
        "time" : {
          "start" : 1710334117450,
          "stop" : 1710334125383,
          "duration" : 7933
        }
      }, {
        "uid" : "37155fd5ac016424",
        "status" : "passed",
        "time" : {
          "start" : 1710333609734,
          "stop" : 1710333616621,
          "duration" : 6887
        }
      }, {
        "uid" : "1539f1c625038d17",
        "status" : "passed",
        "time" : {
          "start" : 1710333283927,
          "stop" : 1710333289819,
          "duration" : 5892
        }
      }, {
        "uid" : "5e51947e0253c34a",
        "status" : "passed",
        "time" : {
          "start" : 1710324566427,
          "stop" : 1710324572190,
          "duration" : 5763
        }
      } ]
    },
    "tags" : [ ]
  },
  "source" : "254577fd3359c79.json",
  "parameterValues" : [ ]
}