{
  "uid" : "4c3539494e4e742b",
  "name" : "test_first_scenario",
  "fullName" : "tests.UI_tests.tensor_test.TestTensorSuite#test_first_scenario",
  "historyId" : "0d3472aee69ab5c8a4e8dc2f3bce6cfd",
  "time" : {
    "start" : 1710334454599,
    "stop" : 1710334465758,
    "duration" : 11159
  },
  "description" : "Сравнение размеров картинок в блоке 'Работаем'",
  "descriptionHtml" : "<p>Сравнение размеров картинок в блоке 'Работаем'</p>\n",
  "status" : "broken",
  "statusMessage" : "selenium.common.exceptions.StaleElementReferenceException: Message: stale element reference: stale element not found\n  (Session info: chrome-headless-shell=122.0.6261.69); For documentation on this error, please visit: https://www.selenium.dev/documentation/webdriver/troubleshooting/errors#stale-element-reference-exception\nStacktrace:\n#0 0x55becd567793 <unknown>\n#1 0x55becd25b1c6 <unknown>\n#2 0x55becd26059c <unknown>\n#3 0x55becd26232b <unknown>\n#4 0x55becd2623cc <unknown>\n#5 0x55becd2a8225 <unknown>\n#6 0x55becd2a74fa <unknown>\n#7 0x55becd29b247 <unknown>\n#8 0x55becd2c83d2 <unknown>\n#9 0x55becd29abd8 <unknown>\n#10 0x55becd2c859e <unknown>\n#11 0x55becd2e6dd9 <unknown>\n#12 0x55becd2c8173 <unknown>\n#13 0x55becd2992d3 <unknown>\n#14 0x55becd299c9e <unknown>\n#15 0x55becd52b8cb <unknown>\n#16 0x55becd52f745 <unknown>\n#17 0x55becd5182e1 <unknown>\n#18 0x55becd5302d2 <unknown>\n#19 0x55becd4fc17f <unknown>\n#20 0x55becd555dc8 <unknown>\n#21 0x55becd555fc3 <unknown>\n#22 0x55becd566944 <unknown>\n#23 0x7fcd75572ac3 <unknown>",
  "statusTrace" : "self = <tensor_test.TestTensorSuite object at 0x7f1558683220>\ndriver = <selenium.webdriver.remote.webdriver.WebDriver (session=\"d863db19c60e57edecf74e194f5cd446\")>\n\n    @allure.description(\"Сравнение размеров картинок в блоке 'Работаем'\")\n    def test_first_scenario(self, driver):\n        self.sbis_home_page.open()\n        self.sbis_home_page.is_opened()\n        self.sbis_home_page.click_to_contacts_link()\n        self.sbis_contacts_page.is_opened()\n        self.sbis_window = driver.current_window_handle\n        self.sbis_contacts_page.click_to_tensor_banner()\n        self.tensor_home_page.switch_to_self(self.sbis_window)\n        self.tensor_window = driver.current_window_handle\n        self.tensor_home_page.is_opened()\n        self.tensor_home_page.is_working_block_present()\n        self.tensor_home_page.is_details_present()\n>       self.tensor_home_page.click_to_details_link()\n\ntests/UI_tests/tensor_test.py:29: \n_ _ _ _ _ _ _ _ _ _ _ _ _ _ _ _ _ _ _ _ _ _ _ _ _ _ _ _ _ _ _ _ _ _ _ _ _ _ _ _ \ncore/POM/pages/tensor_home_page.py:35: in click_to_details_link\n    element.click()\n../local/lib/python3.10/site-packages/selenium/webdriver/remote/webelement.py:94: in click\n    self._execute(Command.CLICK_ELEMENT)\n../local/lib/python3.10/site-packages/selenium/webdriver/remote/webelement.py:395: in _execute\n    return self._parent.execute(command, params)\n../local/lib/python3.10/site-packages/selenium/webdriver/remote/webdriver.py:347: in execute\n    self.error_handler.check_response(response)\n_ _ _ _ _ _ _ _ _ _ _ _ _ _ _ _ _ _ _ _ _ _ _ _ _ _ _ _ _ _ _ _ _ _ _ _ _ _ _ _ \n\nself = <selenium.webdriver.remote.errorhandler.ErrorHandler object at 0x7f1558682020>\nresponse = {'status': 404, 'value': '{\"value\":{\"error\":\"stale element reference\",\"message\":\"stale element reference: stale elemen...\\\\n#21 0x55becd555fc3 \\\\u003Cunknown>\\\\n#22 0x55becd566944 \\\\u003Cunknown>\\\\n#23 0x7fcd75572ac3 \\\\u003Cunknown>\\\\n\"}}'}\n\n    def check_response(self, response: Dict[str, Any]) -> None:\n        \"\"\"Checks that a JSON response from the WebDriver does not have an\n        error.\n    \n        :Args:\n         - response - The JSON response from the WebDriver server as a dictionary\n           object.\n    \n        :Raises: If the response contains an error message.\n        \"\"\"\n        status = response.get(\"status\", None)\n        if not status or status == ErrorCode.SUCCESS:\n            return\n        value = None\n        message = response.get(\"message\", \"\")\n        screen: str = response.get(\"screen\", \"\")\n        stacktrace = None\n        if isinstance(status, int):\n            value_json = response.get(\"value\", None)\n            if value_json and isinstance(value_json, str):\n                import json\n    \n                try:\n                    value = json.loads(value_json)\n                    if len(value) == 1:\n                        value = value[\"value\"]\n                    status = value.get(\"error\", None)\n                    if not status:\n                        status = value.get(\"status\", ErrorCode.UNKNOWN_ERROR)\n                        message = value.get(\"value\") or value.get(\"message\")\n                        if not isinstance(message, str):\n                            value = message\n                            message = message.get(\"message\")\n                    else:\n                        message = value.get(\"message\", None)\n                except ValueError:\n                    pass\n    \n        exception_class: Type[WebDriverException]\n        e = ErrorCode()\n        error_codes = [item for item in dir(e) if not item.startswith(\"__\")]\n        for error_code in error_codes:\n            error_info = getattr(ErrorCode, error_code)\n            if isinstance(error_info, list) and status in error_info:\n                exception_class = getattr(ExceptionMapping, error_code, WebDriverException)\n                break\n        else:\n            exception_class = WebDriverException\n    \n        if not value:\n            value = response[\"value\"]\n        if isinstance(value, str):\n            raise exception_class(value)\n        if message == \"\" and \"message\" in value:\n            message = value[\"message\"]\n    \n        screen = None  # type: ignore[assignment]\n        if \"screen\" in value:\n            screen = value[\"screen\"]\n    \n        stacktrace = None\n        st_value = value.get(\"stackTrace\") or value.get(\"stacktrace\")\n        if st_value:\n            if isinstance(st_value, str):\n                stacktrace = st_value.split(\"\\n\")\n            else:\n                stacktrace = []\n                try:\n                    for frame in st_value:\n                        line = frame.get(\"lineNumber\", \"\")\n                        file = frame.get(\"fileName\", \"<anonymous>\")\n                        if line:\n                            file = f\"{file}:{line}\"\n                        meth = frame.get(\"methodName\", \"<anonymous>\")\n                        if \"className\" in frame:\n                            meth = f\"{frame['className']}.{meth}\"\n                        msg = \"    at %s (%s)\"\n                        msg = msg % (meth, file)\n                        stacktrace.append(msg)\n                except TypeError:\n                    pass\n        if exception_class == UnexpectedAlertPresentException:\n            alert_text = None\n            if \"data\" in value:\n                alert_text = value[\"data\"].get(\"text\")\n            elif \"alert\" in value:\n                alert_text = value[\"alert\"].get(\"text\")\n            raise exception_class(message, screen, stacktrace, alert_text)  # type: ignore[call-arg]  # mypy is not smart enough here\n>       raise exception_class(message, screen, stacktrace)\nE       selenium.common.exceptions.StaleElementReferenceException: Message: stale element reference: stale element not found\nE         (Session info: chrome-headless-shell=122.0.6261.69); For documentation on this error, please visit: https://www.selenium.dev/documentation/webdriver/troubleshooting/errors#stale-element-reference-exception\nE       Stacktrace:\nE       #0 0x55becd567793 <unknown>\nE       #1 0x55becd25b1c6 <unknown>\nE       #2 0x55becd26059c <unknown>\nE       #3 0x55becd26232b <unknown>\nE       #4 0x55becd2623cc <unknown>\nE       #5 0x55becd2a8225 <unknown>\nE       #6 0x55becd2a74fa <unknown>\nE       #7 0x55becd29b247 <unknown>\nE       #8 0x55becd2c83d2 <unknown>\nE       #9 0x55becd29abd8 <unknown>\nE       #10 0x55becd2c859e <unknown>\nE       #11 0x55becd2e6dd9 <unknown>\nE       #12 0x55becd2c8173 <unknown>\nE       #13 0x55becd2992d3 <unknown>\nE       #14 0x55becd299c9e <unknown>\nE       #15 0x55becd52b8cb <unknown>\nE       #16 0x55becd52f745 <unknown>\nE       #17 0x55becd5182e1 <unknown>\nE       #18 0x55becd5302d2 <unknown>\nE       #19 0x55becd4fc17f <unknown>\nE       #20 0x55becd555dc8 <unknown>\nE       #21 0x55becd555fc3 <unknown>\nE       #22 0x55becd566944 <unknown>\nE       #23 0x7fcd75572ac3 <unknown>\n\n../local/lib/python3.10/site-packages/selenium/webdriver/remote/errorhandler.py:229: StaleElementReferenceException",
  "flaky" : false,
  "newFailed" : false,
  "beforeStages" : [ {
    "name" : "remove_download_directory",
    "time" : {
      "start" : 1710334454059,
      "stop" : 1710334454059,
      "duration" : 0
    },
    "status" : "passed",
    "steps" : [ ],
    "attachments" : [ ],
    "parameters" : [ ],
    "attachmentsCount" : 0,
    "shouldDisplayMessage" : false,
    "stepsCount" : 0,
    "hasContent" : false
  }, {
    "name" : "driver",
    "time" : {
      "start" : 1710334454060,
      "stop" : 1710334454598,
      "duration" : 538
    },
    "status" : "passed",
    "steps" : [ ],
    "attachments" : [ ],
    "parameters" : [ ],
    "attachmentsCount" : 0,
    "shouldDisplayMessage" : false,
    "stepsCount" : 0,
    "hasContent" : false
  }, {
    "name" : "setup",
    "time" : {
      "start" : 1710334454598,
      "stop" : 1710334454598,
      "duration" : 0
    },
    "status" : "passed",
    "steps" : [ ],
    "attachments" : [ ],
    "parameters" : [ ],
    "attachmentsCount" : 0,
    "shouldDisplayMessage" : false,
    "stepsCount" : 0,
    "hasContent" : false
  } ],
  "testStage" : {
    "description" : "Сравнение размеров картинок в блоке 'Работаем'",
    "status" : "broken",
    "statusMessage" : "selenium.common.exceptions.StaleElementReferenceException: Message: stale element reference: stale element not found\n  (Session info: chrome-headless-shell=122.0.6261.69); For documentation on this error, please visit: https://www.selenium.dev/documentation/webdriver/troubleshooting/errors#stale-element-reference-exception\nStacktrace:\n#0 0x55becd567793 <unknown>\n#1 0x55becd25b1c6 <unknown>\n#2 0x55becd26059c <unknown>\n#3 0x55becd26232b <unknown>\n#4 0x55becd2623cc <unknown>\n#5 0x55becd2a8225 <unknown>\n#6 0x55becd2a74fa <unknown>\n#7 0x55becd29b247 <unknown>\n#8 0x55becd2c83d2 <unknown>\n#9 0x55becd29abd8 <unknown>\n#10 0x55becd2c859e <unknown>\n#11 0x55becd2e6dd9 <unknown>\n#12 0x55becd2c8173 <unknown>\n#13 0x55becd2992d3 <unknown>\n#14 0x55becd299c9e <unknown>\n#15 0x55becd52b8cb <unknown>\n#16 0x55becd52f745 <unknown>\n#17 0x55becd5182e1 <unknown>\n#18 0x55becd5302d2 <unknown>\n#19 0x55becd4fc17f <unknown>\n#20 0x55becd555dc8 <unknown>\n#21 0x55becd555fc3 <unknown>\n#22 0x55becd566944 <unknown>\n#23 0x7fcd75572ac3 <unknown>",
    "statusTrace" : "self = <tensor_test.TestTensorSuite object at 0x7f1558683220>\ndriver = <selenium.webdriver.remote.webdriver.WebDriver (session=\"d863db19c60e57edecf74e194f5cd446\")>\n\n    @allure.description(\"Сравнение размеров картинок в блоке 'Работаем'\")\n    def test_first_scenario(self, driver):\n        self.sbis_home_page.open()\n        self.sbis_home_page.is_opened()\n        self.sbis_home_page.click_to_contacts_link()\n        self.sbis_contacts_page.is_opened()\n        self.sbis_window = driver.current_window_handle\n        self.sbis_contacts_page.click_to_tensor_banner()\n        self.tensor_home_page.switch_to_self(self.sbis_window)\n        self.tensor_window = driver.current_window_handle\n        self.tensor_home_page.is_opened()\n        self.tensor_home_page.is_working_block_present()\n        self.tensor_home_page.is_details_present()\n>       self.tensor_home_page.click_to_details_link()\n\ntests/UI_tests/tensor_test.py:29: \n_ _ _ _ _ _ _ _ _ _ _ _ _ _ _ _ _ _ _ _ _ _ _ _ _ _ _ _ _ _ _ _ _ _ _ _ _ _ _ _ \ncore/POM/pages/tensor_home_page.py:35: in click_to_details_link\n    element.click()\n../local/lib/python3.10/site-packages/selenium/webdriver/remote/webelement.py:94: in click\n    self._execute(Command.CLICK_ELEMENT)\n../local/lib/python3.10/site-packages/selenium/webdriver/remote/webelement.py:395: in _execute\n    return self._parent.execute(command, params)\n../local/lib/python3.10/site-packages/selenium/webdriver/remote/webdriver.py:347: in execute\n    self.error_handler.check_response(response)\n_ _ _ _ _ _ _ _ _ _ _ _ _ _ _ _ _ _ _ _ _ _ _ _ _ _ _ _ _ _ _ _ _ _ _ _ _ _ _ _ \n\nself = <selenium.webdriver.remote.errorhandler.ErrorHandler object at 0x7f1558682020>\nresponse = {'status': 404, 'value': '{\"value\":{\"error\":\"stale element reference\",\"message\":\"stale element reference: stale elemen...\\\\n#21 0x55becd555fc3 \\\\u003Cunknown>\\\\n#22 0x55becd566944 \\\\u003Cunknown>\\\\n#23 0x7fcd75572ac3 \\\\u003Cunknown>\\\\n\"}}'}\n\n    def check_response(self, response: Dict[str, Any]) -> None:\n        \"\"\"Checks that a JSON response from the WebDriver does not have an\n        error.\n    \n        :Args:\n         - response - The JSON response from the WebDriver server as a dictionary\n           object.\n    \n        :Raises: If the response contains an error message.\n        \"\"\"\n        status = response.get(\"status\", None)\n        if not status or status == ErrorCode.SUCCESS:\n            return\n        value = None\n        message = response.get(\"message\", \"\")\n        screen: str = response.get(\"screen\", \"\")\n        stacktrace = None\n        if isinstance(status, int):\n            value_json = response.get(\"value\", None)\n            if value_json and isinstance(value_json, str):\n                import json\n    \n                try:\n                    value = json.loads(value_json)\n                    if len(value) == 1:\n                        value = value[\"value\"]\n                    status = value.get(\"error\", None)\n                    if not status:\n                        status = value.get(\"status\", ErrorCode.UNKNOWN_ERROR)\n                        message = value.get(\"value\") or value.get(\"message\")\n                        if not isinstance(message, str):\n                            value = message\n                            message = message.get(\"message\")\n                    else:\n                        message = value.get(\"message\", None)\n                except ValueError:\n                    pass\n    \n        exception_class: Type[WebDriverException]\n        e = ErrorCode()\n        error_codes = [item for item in dir(e) if not item.startswith(\"__\")]\n        for error_code in error_codes:\n            error_info = getattr(ErrorCode, error_code)\n            if isinstance(error_info, list) and status in error_info:\n                exception_class = getattr(ExceptionMapping, error_code, WebDriverException)\n                break\n        else:\n            exception_class = WebDriverException\n    \n        if not value:\n            value = response[\"value\"]\n        if isinstance(value, str):\n            raise exception_class(value)\n        if message == \"\" and \"message\" in value:\n            message = value[\"message\"]\n    \n        screen = None  # type: ignore[assignment]\n        if \"screen\" in value:\n            screen = value[\"screen\"]\n    \n        stacktrace = None\n        st_value = value.get(\"stackTrace\") or value.get(\"stacktrace\")\n        if st_value:\n            if isinstance(st_value, str):\n                stacktrace = st_value.split(\"\\n\")\n            else:\n                stacktrace = []\n                try:\n                    for frame in st_value:\n                        line = frame.get(\"lineNumber\", \"\")\n                        file = frame.get(\"fileName\", \"<anonymous>\")\n                        if line:\n                            file = f\"{file}:{line}\"\n                        meth = frame.get(\"methodName\", \"<anonymous>\")\n                        if \"className\" in frame:\n                            meth = f\"{frame['className']}.{meth}\"\n                        msg = \"    at %s (%s)\"\n                        msg = msg % (meth, file)\n                        stacktrace.append(msg)\n                except TypeError:\n                    pass\n        if exception_class == UnexpectedAlertPresentException:\n            alert_text = None\n            if \"data\" in value:\n                alert_text = value[\"data\"].get(\"text\")\n            elif \"alert\" in value:\n                alert_text = value[\"alert\"].get(\"text\")\n            raise exception_class(message, screen, stacktrace, alert_text)  # type: ignore[call-arg]  # mypy is not smart enough here\n>       raise exception_class(message, screen, stacktrace)\nE       selenium.common.exceptions.StaleElementReferenceException: Message: stale element reference: stale element not found\nE         (Session info: chrome-headless-shell=122.0.6261.69); For documentation on this error, please visit: https://www.selenium.dev/documentation/webdriver/troubleshooting/errors#stale-element-reference-exception\nE       Stacktrace:\nE       #0 0x55becd567793 <unknown>\nE       #1 0x55becd25b1c6 <unknown>\nE       #2 0x55becd26059c <unknown>\nE       #3 0x55becd26232b <unknown>\nE       #4 0x55becd2623cc <unknown>\nE       #5 0x55becd2a8225 <unknown>\nE       #6 0x55becd2a74fa <unknown>\nE       #7 0x55becd29b247 <unknown>\nE       #8 0x55becd2c83d2 <unknown>\nE       #9 0x55becd29abd8 <unknown>\nE       #10 0x55becd2c859e <unknown>\nE       #11 0x55becd2e6dd9 <unknown>\nE       #12 0x55becd2c8173 <unknown>\nE       #13 0x55becd2992d3 <unknown>\nE       #14 0x55becd299c9e <unknown>\nE       #15 0x55becd52b8cb <unknown>\nE       #16 0x55becd52f745 <unknown>\nE       #17 0x55becd5182e1 <unknown>\nE       #18 0x55becd5302d2 <unknown>\nE       #19 0x55becd4fc17f <unknown>\nE       #20 0x55becd555dc8 <unknown>\nE       #21 0x55becd555fc3 <unknown>\nE       #22 0x55becd566944 <unknown>\nE       #23 0x7fcd75572ac3 <unknown>\n\n../local/lib/python3.10/site-packages/selenium/webdriver/remote/errorhandler.py:229: StaleElementReferenceException",
    "steps" : [ {
      "name" : "Open https://sbis.ru page",
      "time" : {
        "start" : 1710334454599,
        "stop" : 1710334459972,
        "duration" : 5373
      },
      "status" : "passed",
      "steps" : [ ],
      "attachments" : [ ],
      "parameters" : [ ],
      "attachmentsCount" : 0,
      "shouldDisplayMessage" : false,
      "stepsCount" : 0,
      "hasContent" : false
    }, {
      "name" : "Page https://sbis.ru is opened",
      "time" : {
        "start" : 1710334459972,
        "stop" : 1710334459997,
        "duration" : 25
      },
      "status" : "passed",
      "steps" : [ ],
      "attachments" : [ ],
      "parameters" : [ ],
      "attachmentsCount" : 0,
      "shouldDisplayMessage" : false,
      "stepsCount" : 0,
      "hasContent" : false
    }, {
      "name" : "Click on 'Контакты' link",
      "time" : {
        "start" : 1710334459997,
        "stop" : 1710334462030,
        "duration" : 2033
      },
      "status" : "passed",
      "steps" : [ ],
      "attachments" : [ ],
      "parameters" : [ ],
      "attachmentsCount" : 0,
      "shouldDisplayMessage" : false,
      "stepsCount" : 0,
      "hasContent" : false
    }, {
      "name" : "Page https://sbis.ru/contacts is opened",
      "time" : {
        "start" : 1710334462030,
        "stop" : 1710334463144,
        "duration" : 1114
      },
      "status" : "passed",
      "steps" : [ ],
      "attachments" : [ ],
      "parameters" : [ ],
      "attachmentsCount" : 0,
      "shouldDisplayMessage" : false,
      "stepsCount" : 0,
      "hasContent" : false
    }, {
      "name" : "Click to Tensor banner",
      "time" : {
        "start" : 1710334463152,
        "stop" : 1710334463256,
        "duration" : 104
      },
      "status" : "passed",
      "steps" : [ ],
      "attachments" : [ ],
      "parameters" : [ ],
      "attachmentsCount" : 0,
      "shouldDisplayMessage" : false,
      "stepsCount" : 0,
      "hasContent" : false
    }, {
      "name" : "Switch to https://tensor.ru page",
      "time" : {
        "start" : 1710334463256,
        "stop" : 1710334464245,
        "duration" : 989
      },
      "status" : "passed",
      "steps" : [ ],
      "attachments" : [ ],
      "parameters" : [ ],
      "attachmentsCount" : 0,
      "shouldDisplayMessage" : false,
      "stepsCount" : 0,
      "hasContent" : false
    }, {
      "name" : "Page https://tensor.ru is opened",
      "time" : {
        "start" : 1710334464252,
        "stop" : 1710334465333,
        "duration" : 1081
      },
      "status" : "passed",
      "steps" : [ ],
      "attachments" : [ ],
      "parameters" : [ ],
      "attachmentsCount" : 0,
      "shouldDisplayMessage" : false,
      "stepsCount" : 0,
      "hasContent" : false
    }, {
      "name" : "Block 'Сила в людях' is present",
      "time" : {
        "start" : 1710334465334,
        "stop" : 1710334465424,
        "duration" : 90
      },
      "status" : "passed",
      "steps" : [ ],
      "attachments" : [ ],
      "parameters" : [ ],
      "attachmentsCount" : 0,
      "shouldDisplayMessage" : false,
      "stepsCount" : 0,
      "hasContent" : false
    }, {
      "name" : "Link 'Подробнее' is present",
      "time" : {
        "start" : 1710334465424,
        "stop" : 1710334465474,
        "duration" : 50
      },
      "status" : "passed",
      "steps" : [ ],
      "attachments" : [ ],
      "parameters" : [ ],
      "attachmentsCount" : 0,
      "shouldDisplayMessage" : false,
      "stepsCount" : 0,
      "hasContent" : false
    }, {
      "name" : "Click on 'Подробнее' link",
      "time" : {
        "start" : 1710334465474,
        "stop" : 1710334465756,
        "duration" : 282
      },
      "status" : "broken",
      "statusMessage" : "selenium.common.exceptions.StaleElementReferenceException: Message: stale element reference: stale element not found\n  (Session info: chrome-headless-shell=122.0.6261.69); For documentation on this error, please visit: https://www.selenium.dev/documentation/webdriver/troubleshooting/errors#stale-element-reference-exception\nStacktrace:\n#0 0x55becd567793 <unknown>\n#1 0x55becd25b1c6 <unknown>\n#2 0x55becd26059c <unknown>\n#3 0x55becd26232b <unknown>\n#4 0x55becd2623cc <unknown>\n#5 0x55becd2a8225 <unknown>\n#6 0x55becd2a74fa <unknown>\n#7 0x55becd29b247 <unknown>\n#8 0x55becd2c83d2 <unknown>\n#9 0x55becd29abd8 <unknown>\n#10 0x55becd2c859e <unknown>\n#11 0x55becd2e6dd9 <unknown>\n#12 0x55becd2c8173 <unknown>\n#13 0x55becd2992d3 <unknown>\n#14 0x55becd299c9e <unknown>\n#15 0x55becd52b8cb <unknown>\n#16 0x55becd52f745 <unknown>\n#17 0x55becd5182e1 <unknown>\n#18 0x55becd5302d2 <unknown>\n#19 0x55becd4fc17f <unknown>\n#20 0x55becd555dc8 <unknown>\n#21 0x55becd555fc3 <unknown>\n#22 0x55becd566944 <unknown>\n#23 0x7fcd75572ac3 <unknown>\n\n",
      "statusTrace" : "  File \"/usr/workspace/core/POM/pages/tensor_home_page.py\", line 35, in click_to_details_link\n    element.click()\n  File \"/usr/local/lib/python3.10/site-packages/selenium/webdriver/remote/webelement.py\", line 94, in click\n    self._execute(Command.CLICK_ELEMENT)\n  File \"/usr/local/lib/python3.10/site-packages/selenium/webdriver/remote/webelement.py\", line 395, in _execute\n    return self._parent.execute(command, params)\n  File \"/usr/local/lib/python3.10/site-packages/selenium/webdriver/remote/webdriver.py\", line 347, in execute\n    self.error_handler.check_response(response)\n  File \"/usr/local/lib/python3.10/site-packages/selenium/webdriver/remote/errorhandler.py\", line 229, in check_response\n    raise exception_class(message, screen, stacktrace)\n",
      "steps" : [ ],
      "attachments" : [ ],
      "parameters" : [ ],
      "attachmentsCount" : 0,
      "shouldDisplayMessage" : true,
      "stepsCount" : 0,
      "hasContent" : true
    } ],
    "attachments" : [ ],
    "parameters" : [ ],
    "attachmentsCount" : 0,
    "shouldDisplayMessage" : true,
    "stepsCount" : 10,
    "hasContent" : true
  },
  "afterStages" : [ {
    "name" : "driver::0",
    "time" : {
      "start" : 1710334465836,
      "stop" : 1710334465948,
      "duration" : 112
    },
    "status" : "passed",
    "steps" : [ ],
    "attachments" : [ ],
    "parameters" : [ ],
    "attachmentsCount" : 0,
    "shouldDisplayMessage" : false,
    "stepsCount" : 0,
    "hasContent" : false
  } ],
  "labels" : [ {
    "name" : "parentSuite",
    "value" : "tests.UI_tests"
  }, {
    "name" : "suite",
    "value" : "tensor_test"
  }, {
    "name" : "subSuite",
    "value" : "TestTensorSuite"
  }, {
    "name" : "host",
    "value" : "8fd0df2dcbda"
  }, {
    "name" : "thread",
    "value" : "7-MainThread"
  }, {
    "name" : "framework",
    "value" : "pytest"
  }, {
    "name" : "language",
    "value" : "cpython3"
  }, {
    "name" : "package",
    "value" : "tests.UI_tests.tensor_test"
  }, {
    "name" : "resultFormat",
    "value" : "allure2"
  } ],
  "parameters" : [ ],
  "links" : [ ],
  "hidden" : false,
  "retry" : false,
  "extra" : {
    "severity" : "normal",
    "retries" : [ ],
    "categories" : [ {
      "name" : "Test defects",
      "matchedStatuses" : [ ],
      "flaky" : false
    } ],
    "history" : {
      "statistic" : {
        "failed" : 0,
        "broken" : 1,
        "skipped" : 0,
        "passed" : 8,
        "unknown" : 0,
        "total" : 9
      },
      "items" : [ {
        "uid" : "bb3881b6d34ff396",
        "status" : "passed",
        "time" : {
          "start" : 1710331112301,
          "stop" : 1710331127710,
          "duration" : 15409
        }
      }, {
        "uid" : "621a549af5ccd6d8",
        "status" : "passed",
        "time" : {
          "start" : 1710330408701,
          "stop" : 1710330420889,
          "duration" : 12188
        }
      }, {
        "uid" : "81c447cc155b4c6f",
        "status" : "passed",
        "time" : {
          "start" : 1710329829200,
          "stop" : 1710329842114,
          "duration" : 12914
        }
      }, {
        "uid" : "7cf7c4cc7b2a115",
        "status" : "passed",
        "time" : {
          "start" : 1710329272067,
          "stop" : 1710329289923,
          "duration" : 17856
        }
      }, {
        "uid" : "dceac55a1f11cd83",
        "status" : "passed",
        "time" : {
          "start" : 1710327346110,
          "stop" : 1710327362021,
          "duration" : 15911
        }
      }, {
        "uid" : "caef73d5a16621f6",
        "status" : "passed",
        "time" : {
          "start" : 1710324062311,
          "stop" : 1710324076376,
          "duration" : 14065
        }
      }, {
        "uid" : "37688d5d8ed01bed",
        "status" : "passed",
        "time" : {
          "start" : 1710323727684,
          "stop" : 1710323741539,
          "duration" : 13855
        }
      }, {
        "uid" : "4726beb058c3a624",
        "status" : "passed",
        "time" : {
          "start" : 1710322226076,
          "stop" : 1710322242401,
          "duration" : 16325
        }
      } ]
    },
    "tags" : [ ]
  },
  "source" : "4c3539494e4e742b.json",
  "parameterValues" : [ ]
}