{
  "uid" : "8379d6e06ed05408",
  "name" : "test_first_scenario",
  "fullName" : "tests.UI_tests.tensor_test.TestTensorSuite#test_first_scenario",
  "historyId" : "0d3472aee69ab5c8a4e8dc2f3bce6cfd",
  "time" : {
    "start" : 1710351063539,
    "stop" : 1710351078491,
    "duration" : 14952
  },
  "description" : "Сравнение размеров картинок в блоке 'Работаем'",
  "descriptionHtml" : "<p>Сравнение размеров картинок в блоке 'Работаем'</p>\n",
  "status" : "broken",
  "statusMessage" : "selenium.common.exceptions.StaleElementReferenceException: Message: stale element reference: stale element not found\n  (Session info: chrome-headless-shell=122.0.6261.69); For documentation on this error, please visit: https://www.selenium.dev/documentation/webdriver/troubleshooting/errors#stale-element-reference-exception\nStacktrace:\n#0 0x55b76103e793 <unknown>\n#1 0x55b760d321c6 <unknown>\n#2 0x55b760d3759c <unknown>\n#3 0x55b760d3932b <unknown>\n#4 0x55b760d393cc <unknown>\n#5 0x55b760d83eac <unknown>\n#6 0x55b760d81ea5 <unknown>\n#7 0x55b760d7f877 <unknown>\n#8 0x55b760d7e6e8 <unknown>\n#9 0x55b760d72247 <unknown>\n#10 0x55b760d9f3d2 <unknown>\n#11 0x55b760d71bd8 <unknown>\n#12 0x55b760d9f59e <unknown>\n#13 0x55b760dbddd9 <unknown>\n#14 0x55b760d9f173 <unknown>\n#15 0x55b760d702d3 <unknown>\n#16 0x55b760d70c9e <unknown>\n#17 0x55b7610028cb <unknown>\n#18 0x55b761006745 <unknown>\n#19 0x55b760fef2e1 <unknown>\n#20 0x55b7610072d2 <unknown>\n#21 0x55b760fd317f <unknown>\n#22 0x55b76102cdc8 <unknown>\n#23 0x55b76102cfc3 <unknown>\n#24 0x55b76103d944 <unknown>\n#25 0x7fe089887ac3 <unknown>",
  "statusTrace" : "self = <tensor_test.TestTensorSuite object at 0x7fd2f232f5e0>\ndriver = <selenium.webdriver.remote.webdriver.WebDriver (session=\"888d4cd3750f7c481d24c8b1c450eaa7\")>\n\n    @allure.description(\"Сравнение размеров картинок в блоке 'Работаем'\")\n    def test_first_scenario(self, driver):\n        self.sbis_home_page.open()\n        self.sbis_home_page.is_opened()\n        self.sbis_home_page.click_to_contacts_link()\n        self.sbis_contacts_page.is_opened()\n        self.sbis_window = driver.current_window_handle\n        self.sbis_contacts_page.click_to_tensor_banner()\n        self.tensor_home_page.switch_to_self(self.sbis_window)\n        self.tensor_window = driver.current_window_handle\n        self.tensor_home_page.is_opened()\n        self.tensor_home_page.is_working_block_present()\n        self.tensor_home_page.is_details_present()\n>       self.tensor_home_page.click_to_details_link()\n\ntests/UI_tests/tensor_test.py:29: \n_ _ _ _ _ _ _ _ _ _ _ _ _ _ _ _ _ _ _ _ _ _ _ _ _ _ _ _ _ _ _ _ _ _ _ _ _ _ _ _ \ncore/POM/pages/tensor_home_page.py:35: in click_to_details_link\n    element.click()\n../local/lib/python3.10/site-packages/selenium/webdriver/remote/webelement.py:94: in click\n    self._execute(Command.CLICK_ELEMENT)\n../local/lib/python3.10/site-packages/selenium/webdriver/remote/webelement.py:395: in _execute\n    return self._parent.execute(command, params)\n../local/lib/python3.10/site-packages/selenium/webdriver/remote/webdriver.py:347: in execute\n    self.error_handler.check_response(response)\n_ _ _ _ _ _ _ _ _ _ _ _ _ _ _ _ _ _ _ _ _ _ _ _ _ _ _ _ _ _ _ _ _ _ _ _ _ _ _ _ \n\nself = <selenium.webdriver.remote.errorhandler.ErrorHandler object at 0x7fd2f232e860>\nresponse = {'status': 404, 'value': '{\"value\":{\"error\":\"stale element reference\",\"message\":\"stale element reference: stale elemen...\\\\n#23 0x55b76102cfc3 \\\\u003Cunknown>\\\\n#24 0x55b76103d944 \\\\u003Cunknown>\\\\n#25 0x7fe089887ac3 \\\\u003Cunknown>\\\\n\"}}'}\n\n    def check_response(self, response: Dict[str, Any]) -> None:\n        \"\"\"Checks that a JSON response from the WebDriver does not have an\n        error.\n    \n        :Args:\n         - response - The JSON response from the WebDriver server as a dictionary\n           object.\n    \n        :Raises: If the response contains an error message.\n        \"\"\"\n        status = response.get(\"status\", None)\n        if not status or status == ErrorCode.SUCCESS:\n            return\n        value = None\n        message = response.get(\"message\", \"\")\n        screen: str = response.get(\"screen\", \"\")\n        stacktrace = None\n        if isinstance(status, int):\n            value_json = response.get(\"value\", None)\n            if value_json and isinstance(value_json, str):\n                import json\n    \n                try:\n                    value = json.loads(value_json)\n                    if len(value) == 1:\n                        value = value[\"value\"]\n                    status = value.get(\"error\", None)\n                    if not status:\n                        status = value.get(\"status\", ErrorCode.UNKNOWN_ERROR)\n                        message = value.get(\"value\") or value.get(\"message\")\n                        if not isinstance(message, str):\n                            value = message\n                            message = message.get(\"message\")\n                    else:\n                        message = value.get(\"message\", None)\n                except ValueError:\n                    pass\n    \n        exception_class: Type[WebDriverException]\n        e = ErrorCode()\n        error_codes = [item for item in dir(e) if not item.startswith(\"__\")]\n        for error_code in error_codes:\n            error_info = getattr(ErrorCode, error_code)\n            if isinstance(error_info, list) and status in error_info:\n                exception_class = getattr(ExceptionMapping, error_code, WebDriverException)\n                break\n        else:\n            exception_class = WebDriverException\n    \n        if not value:\n            value = response[\"value\"]\n        if isinstance(value, str):\n            raise exception_class(value)\n        if message == \"\" and \"message\" in value:\n            message = value[\"message\"]\n    \n        screen = None  # type: ignore[assignment]\n        if \"screen\" in value:\n            screen = value[\"screen\"]\n    \n        stacktrace = None\n        st_value = value.get(\"stackTrace\") or value.get(\"stacktrace\")\n        if st_value:\n            if isinstance(st_value, str):\n                stacktrace = st_value.split(\"\\n\")\n            else:\n                stacktrace = []\n                try:\n                    for frame in st_value:\n                        line = frame.get(\"lineNumber\", \"\")\n                        file = frame.get(\"fileName\", \"<anonymous>\")\n                        if line:\n                            file = f\"{file}:{line}\"\n                        meth = frame.get(\"methodName\", \"<anonymous>\")\n                        if \"className\" in frame:\n                            meth = f\"{frame['className']}.{meth}\"\n                        msg = \"    at %s (%s)\"\n                        msg = msg % (meth, file)\n                        stacktrace.append(msg)\n                except TypeError:\n                    pass\n        if exception_class == UnexpectedAlertPresentException:\n            alert_text = None\n            if \"data\" in value:\n                alert_text = value[\"data\"].get(\"text\")\n            elif \"alert\" in value:\n                alert_text = value[\"alert\"].get(\"text\")\n            raise exception_class(message, screen, stacktrace, alert_text)  # type: ignore[call-arg]  # mypy is not smart enough here\n>       raise exception_class(message, screen, stacktrace)\nE       selenium.common.exceptions.StaleElementReferenceException: Message: stale element reference: stale element not found\nE         (Session info: chrome-headless-shell=122.0.6261.69); For documentation on this error, please visit: https://www.selenium.dev/documentation/webdriver/troubleshooting/errors#stale-element-reference-exception\nE       Stacktrace:\nE       #0 0x55b76103e793 <unknown>\nE       #1 0x55b760d321c6 <unknown>\nE       #2 0x55b760d3759c <unknown>\nE       #3 0x55b760d3932b <unknown>\nE       #4 0x55b760d393cc <unknown>\nE       #5 0x55b760d83eac <unknown>\nE       #6 0x55b760d81ea5 <unknown>\nE       #7 0x55b760d7f877 <unknown>\nE       #8 0x55b760d7e6e8 <unknown>\nE       #9 0x55b760d72247 <unknown>\nE       #10 0x55b760d9f3d2 <unknown>\nE       #11 0x55b760d71bd8 <unknown>\nE       #12 0x55b760d9f59e <unknown>\nE       #13 0x55b760dbddd9 <unknown>\nE       #14 0x55b760d9f173 <unknown>\nE       #15 0x55b760d702d3 <unknown>\nE       #16 0x55b760d70c9e <unknown>\nE       #17 0x55b7610028cb <unknown>\nE       #18 0x55b761006745 <unknown>\nE       #19 0x55b760fef2e1 <unknown>\nE       #20 0x55b7610072d2 <unknown>\nE       #21 0x55b760fd317f <unknown>\nE       #22 0x55b76102cdc8 <unknown>\nE       #23 0x55b76102cfc3 <unknown>\nE       #24 0x55b76103d944 <unknown>\nE       #25 0x7fe089887ac3 <unknown>\n\n../local/lib/python3.10/site-packages/selenium/webdriver/remote/errorhandler.py:229: StaleElementReferenceException",
  "flaky" : false,
  "newFailed" : false,
  "beforeStages" : [ {
    "name" : "setup",
    "time" : {
      "start" : 1710351063539,
      "stop" : 1710351063539,
      "duration" : 0
    },
    "status" : "passed",
    "steps" : [ ],
    "attachments" : [ ],
    "parameters" : [ ],
    "attachmentsCount" : 0,
    "shouldDisplayMessage" : false,
    "stepsCount" : 0,
    "hasContent" : false
  }, {
    "name" : "remove_download_directory",
    "time" : {
      "start" : 1710351063003,
      "stop" : 1710351063003,
      "duration" : 0
    },
    "status" : "passed",
    "steps" : [ ],
    "attachments" : [ ],
    "parameters" : [ ],
    "attachmentsCount" : 0,
    "shouldDisplayMessage" : false,
    "stepsCount" : 0,
    "hasContent" : false
  }, {
    "name" : "driver",
    "time" : {
      "start" : 1710351063003,
      "stop" : 1710351063538,
      "duration" : 535
    },
    "status" : "passed",
    "steps" : [ ],
    "attachments" : [ ],
    "parameters" : [ ],
    "attachmentsCount" : 0,
    "shouldDisplayMessage" : false,
    "stepsCount" : 0,
    "hasContent" : false
  } ],
  "testStage" : {
    "description" : "Сравнение размеров картинок в блоке 'Работаем'",
    "status" : "broken",
    "statusMessage" : "selenium.common.exceptions.StaleElementReferenceException: Message: stale element reference: stale element not found\n  (Session info: chrome-headless-shell=122.0.6261.69); For documentation on this error, please visit: https://www.selenium.dev/documentation/webdriver/troubleshooting/errors#stale-element-reference-exception\nStacktrace:\n#0 0x55b76103e793 <unknown>\n#1 0x55b760d321c6 <unknown>\n#2 0x55b760d3759c <unknown>\n#3 0x55b760d3932b <unknown>\n#4 0x55b760d393cc <unknown>\n#5 0x55b760d83eac <unknown>\n#6 0x55b760d81ea5 <unknown>\n#7 0x55b760d7f877 <unknown>\n#8 0x55b760d7e6e8 <unknown>\n#9 0x55b760d72247 <unknown>\n#10 0x55b760d9f3d2 <unknown>\n#11 0x55b760d71bd8 <unknown>\n#12 0x55b760d9f59e <unknown>\n#13 0x55b760dbddd9 <unknown>\n#14 0x55b760d9f173 <unknown>\n#15 0x55b760d702d3 <unknown>\n#16 0x55b760d70c9e <unknown>\n#17 0x55b7610028cb <unknown>\n#18 0x55b761006745 <unknown>\n#19 0x55b760fef2e1 <unknown>\n#20 0x55b7610072d2 <unknown>\n#21 0x55b760fd317f <unknown>\n#22 0x55b76102cdc8 <unknown>\n#23 0x55b76102cfc3 <unknown>\n#24 0x55b76103d944 <unknown>\n#25 0x7fe089887ac3 <unknown>",
    "statusTrace" : "self = <tensor_test.TestTensorSuite object at 0x7fd2f232f5e0>\ndriver = <selenium.webdriver.remote.webdriver.WebDriver (session=\"888d4cd3750f7c481d24c8b1c450eaa7\")>\n\n    @allure.description(\"Сравнение размеров картинок в блоке 'Работаем'\")\n    def test_first_scenario(self, driver):\n        self.sbis_home_page.open()\n        self.sbis_home_page.is_opened()\n        self.sbis_home_page.click_to_contacts_link()\n        self.sbis_contacts_page.is_opened()\n        self.sbis_window = driver.current_window_handle\n        self.sbis_contacts_page.click_to_tensor_banner()\n        self.tensor_home_page.switch_to_self(self.sbis_window)\n        self.tensor_window = driver.current_window_handle\n        self.tensor_home_page.is_opened()\n        self.tensor_home_page.is_working_block_present()\n        self.tensor_home_page.is_details_present()\n>       self.tensor_home_page.click_to_details_link()\n\ntests/UI_tests/tensor_test.py:29: \n_ _ _ _ _ _ _ _ _ _ _ _ _ _ _ _ _ _ _ _ _ _ _ _ _ _ _ _ _ _ _ _ _ _ _ _ _ _ _ _ \ncore/POM/pages/tensor_home_page.py:35: in click_to_details_link\n    element.click()\n../local/lib/python3.10/site-packages/selenium/webdriver/remote/webelement.py:94: in click\n    self._execute(Command.CLICK_ELEMENT)\n../local/lib/python3.10/site-packages/selenium/webdriver/remote/webelement.py:395: in _execute\n    return self._parent.execute(command, params)\n../local/lib/python3.10/site-packages/selenium/webdriver/remote/webdriver.py:347: in execute\n    self.error_handler.check_response(response)\n_ _ _ _ _ _ _ _ _ _ _ _ _ _ _ _ _ _ _ _ _ _ _ _ _ _ _ _ _ _ _ _ _ _ _ _ _ _ _ _ \n\nself = <selenium.webdriver.remote.errorhandler.ErrorHandler object at 0x7fd2f232e860>\nresponse = {'status': 404, 'value': '{\"value\":{\"error\":\"stale element reference\",\"message\":\"stale element reference: stale elemen...\\\\n#23 0x55b76102cfc3 \\\\u003Cunknown>\\\\n#24 0x55b76103d944 \\\\u003Cunknown>\\\\n#25 0x7fe089887ac3 \\\\u003Cunknown>\\\\n\"}}'}\n\n    def check_response(self, response: Dict[str, Any]) -> None:\n        \"\"\"Checks that a JSON response from the WebDriver does not have an\n        error.\n    \n        :Args:\n         - response - The JSON response from the WebDriver server as a dictionary\n           object.\n    \n        :Raises: If the response contains an error message.\n        \"\"\"\n        status = response.get(\"status\", None)\n        if not status or status == ErrorCode.SUCCESS:\n            return\n        value = None\n        message = response.get(\"message\", \"\")\n        screen: str = response.get(\"screen\", \"\")\n        stacktrace = None\n        if isinstance(status, int):\n            value_json = response.get(\"value\", None)\n            if value_json and isinstance(value_json, str):\n                import json\n    \n                try:\n                    value = json.loads(value_json)\n                    if len(value) == 1:\n                        value = value[\"value\"]\n                    status = value.get(\"error\", None)\n                    if not status:\n                        status = value.get(\"status\", ErrorCode.UNKNOWN_ERROR)\n                        message = value.get(\"value\") or value.get(\"message\")\n                        if not isinstance(message, str):\n                            value = message\n                            message = message.get(\"message\")\n                    else:\n                        message = value.get(\"message\", None)\n                except ValueError:\n                    pass\n    \n        exception_class: Type[WebDriverException]\n        e = ErrorCode()\n        error_codes = [item for item in dir(e) if not item.startswith(\"__\")]\n        for error_code in error_codes:\n            error_info = getattr(ErrorCode, error_code)\n            if isinstance(error_info, list) and status in error_info:\n                exception_class = getattr(ExceptionMapping, error_code, WebDriverException)\n                break\n        else:\n            exception_class = WebDriverException\n    \n        if not value:\n            value = response[\"value\"]\n        if isinstance(value, str):\n            raise exception_class(value)\n        if message == \"\" and \"message\" in value:\n            message = value[\"message\"]\n    \n        screen = None  # type: ignore[assignment]\n        if \"screen\" in value:\n            screen = value[\"screen\"]\n    \n        stacktrace = None\n        st_value = value.get(\"stackTrace\") or value.get(\"stacktrace\")\n        if st_value:\n            if isinstance(st_value, str):\n                stacktrace = st_value.split(\"\\n\")\n            else:\n                stacktrace = []\n                try:\n                    for frame in st_value:\n                        line = frame.get(\"lineNumber\", \"\")\n                        file = frame.get(\"fileName\", \"<anonymous>\")\n                        if line:\n                            file = f\"{file}:{line}\"\n                        meth = frame.get(\"methodName\", \"<anonymous>\")\n                        if \"className\" in frame:\n                            meth = f\"{frame['className']}.{meth}\"\n                        msg = \"    at %s (%s)\"\n                        msg = msg % (meth, file)\n                        stacktrace.append(msg)\n                except TypeError:\n                    pass\n        if exception_class == UnexpectedAlertPresentException:\n            alert_text = None\n            if \"data\" in value:\n                alert_text = value[\"data\"].get(\"text\")\n            elif \"alert\" in value:\n                alert_text = value[\"alert\"].get(\"text\")\n            raise exception_class(message, screen, stacktrace, alert_text)  # type: ignore[call-arg]  # mypy is not smart enough here\n>       raise exception_class(message, screen, stacktrace)\nE       selenium.common.exceptions.StaleElementReferenceException: Message: stale element reference: stale element not found\nE         (Session info: chrome-headless-shell=122.0.6261.69); For documentation on this error, please visit: https://www.selenium.dev/documentation/webdriver/troubleshooting/errors#stale-element-reference-exception\nE       Stacktrace:\nE       #0 0x55b76103e793 <unknown>\nE       #1 0x55b760d321c6 <unknown>\nE       #2 0x55b760d3759c <unknown>\nE       #3 0x55b760d3932b <unknown>\nE       #4 0x55b760d393cc <unknown>\nE       #5 0x55b760d83eac <unknown>\nE       #6 0x55b760d81ea5 <unknown>\nE       #7 0x55b760d7f877 <unknown>\nE       #8 0x55b760d7e6e8 <unknown>\nE       #9 0x55b760d72247 <unknown>\nE       #10 0x55b760d9f3d2 <unknown>\nE       #11 0x55b760d71bd8 <unknown>\nE       #12 0x55b760d9f59e <unknown>\nE       #13 0x55b760dbddd9 <unknown>\nE       #14 0x55b760d9f173 <unknown>\nE       #15 0x55b760d702d3 <unknown>\nE       #16 0x55b760d70c9e <unknown>\nE       #17 0x55b7610028cb <unknown>\nE       #18 0x55b761006745 <unknown>\nE       #19 0x55b760fef2e1 <unknown>\nE       #20 0x55b7610072d2 <unknown>\nE       #21 0x55b760fd317f <unknown>\nE       #22 0x55b76102cdc8 <unknown>\nE       #23 0x55b76102cfc3 <unknown>\nE       #24 0x55b76103d944 <unknown>\nE       #25 0x7fe089887ac3 <unknown>\n\n../local/lib/python3.10/site-packages/selenium/webdriver/remote/errorhandler.py:229: StaleElementReferenceException",
    "steps" : [ {
      "name" : "Open https://sbis.ru page",
      "time" : {
        "start" : 1710351063539,
        "stop" : 1710351072362,
        "duration" : 8823
      },
      "status" : "passed",
      "steps" : [ ],
      "attachments" : [ ],
      "parameters" : [ ],
      "attachmentsCount" : 0,
      "shouldDisplayMessage" : false,
      "stepsCount" : 0,
      "hasContent" : false
    }, {
      "name" : "Page https://sbis.ru is opened",
      "time" : {
        "start" : 1710351072362,
        "stop" : 1710351072385,
        "duration" : 23
      },
      "status" : "passed",
      "steps" : [ ],
      "attachments" : [ ],
      "parameters" : [ ],
      "attachmentsCount" : 0,
      "shouldDisplayMessage" : false,
      "stepsCount" : 0,
      "hasContent" : false
    }, {
      "name" : "Click on 'Контакты' link",
      "time" : {
        "start" : 1710351072385,
        "stop" : 1710351073946,
        "duration" : 1561
      },
      "status" : "passed",
      "steps" : [ ],
      "attachments" : [ ],
      "parameters" : [ ],
      "attachmentsCount" : 0,
      "shouldDisplayMessage" : false,
      "stepsCount" : 0,
      "hasContent" : false
    }, {
      "name" : "Page https://sbis.ru/contacts is opened",
      "time" : {
        "start" : 1710351073946,
        "stop" : 1710351075051,
        "duration" : 1105
      },
      "status" : "passed",
      "steps" : [ ],
      "attachments" : [ ],
      "parameters" : [ ],
      "attachmentsCount" : 0,
      "shouldDisplayMessage" : false,
      "stepsCount" : 0,
      "hasContent" : false
    }, {
      "name" : "Click to Tensor banner",
      "time" : {
        "start" : 1710351075058,
        "stop" : 1710351075160,
        "duration" : 102
      },
      "status" : "passed",
      "steps" : [ ],
      "attachments" : [ ],
      "parameters" : [ ],
      "attachmentsCount" : 0,
      "shouldDisplayMessage" : false,
      "stepsCount" : 0,
      "hasContent" : false
    }, {
      "name" : "Switch to https://tensor.ru page",
      "time" : {
        "start" : 1710351075160,
        "stop" : 1710351076237,
        "duration" : 1077
      },
      "status" : "passed",
      "steps" : [ ],
      "attachments" : [ ],
      "parameters" : [ ],
      "attachmentsCount" : 0,
      "shouldDisplayMessage" : false,
      "stepsCount" : 0,
      "hasContent" : false
    }, {
      "name" : "Page https://tensor.ru is opened",
      "time" : {
        "start" : 1710351076243,
        "stop" : 1710351078079,
        "duration" : 1836
      },
      "status" : "passed",
      "steps" : [ ],
      "attachments" : [ ],
      "parameters" : [ ],
      "attachmentsCount" : 0,
      "shouldDisplayMessage" : false,
      "stepsCount" : 0,
      "hasContent" : false
    }, {
      "name" : "Block 'Сила в людях' is present",
      "time" : {
        "start" : 1710351078079,
        "stop" : 1710351078097,
        "duration" : 18
      },
      "status" : "passed",
      "steps" : [ ],
      "attachments" : [ ],
      "parameters" : [ ],
      "attachmentsCount" : 0,
      "shouldDisplayMessage" : false,
      "stepsCount" : 0,
      "hasContent" : false
    }, {
      "name" : "Link 'Подробнее' is present",
      "time" : {
        "start" : 1710351078097,
        "stop" : 1710351078147,
        "duration" : 50
      },
      "status" : "passed",
      "steps" : [ ],
      "attachments" : [ ],
      "parameters" : [ ],
      "attachmentsCount" : 0,
      "shouldDisplayMessage" : false,
      "stepsCount" : 0,
      "hasContent" : false
    }, {
      "name" : "Click on 'Подробнее' link",
      "time" : {
        "start" : 1710351078148,
        "stop" : 1710351078490,
        "duration" : 342
      },
      "status" : "broken",
      "statusMessage" : "selenium.common.exceptions.StaleElementReferenceException: Message: stale element reference: stale element not found\n  (Session info: chrome-headless-shell=122.0.6261.69); For documentation on this error, please visit: https://www.selenium.dev/documentation/webdriver/troubleshooting/errors#stale-element-reference-exception\nStacktrace:\n#0 0x55b76103e793 <unknown>\n#1 0x55b760d321c6 <unknown>\n#2 0x55b760d3759c <unknown>\n#3 0x55b760d3932b <unknown>\n#4 0x55b760d393cc <unknown>\n#5 0x55b760d83eac <unknown>\n#6 0x55b760d81ea5 <unknown>\n#7 0x55b760d7f877 <unknown>\n#8 0x55b760d7e6e8 <unknown>\n#9 0x55b760d72247 <unknown>\n#10 0x55b760d9f3d2 <unknown>\n#11 0x55b760d71bd8 <unknown>\n#12 0x55b760d9f59e <unknown>\n#13 0x55b760dbddd9 <unknown>\n#14 0x55b760d9f173 <unknown>\n#15 0x55b760d702d3 <unknown>\n#16 0x55b760d70c9e <unknown>\n#17 0x55b7610028cb <unknown>\n#18 0x55b761006745 <unknown>\n#19 0x55b760fef2e1 <unknown>\n#20 0x55b7610072d2 <unknown>\n#21 0x55b760fd317f <unknown>\n#22 0x55b76102cdc8 <unknown>\n#23 0x55b76102cfc3 <unknown>\n#24 0x55b76103d944 <unknown>\n#25 0x7fe089887ac3 <unknown>\n\n",
      "statusTrace" : "  File \"/usr/workspace/core/POM/pages/tensor_home_page.py\", line 35, in click_to_details_link\n    element.click()\n  File \"/usr/local/lib/python3.10/site-packages/selenium/webdriver/remote/webelement.py\", line 94, in click\n    self._execute(Command.CLICK_ELEMENT)\n  File \"/usr/local/lib/python3.10/site-packages/selenium/webdriver/remote/webelement.py\", line 395, in _execute\n    return self._parent.execute(command, params)\n  File \"/usr/local/lib/python3.10/site-packages/selenium/webdriver/remote/webdriver.py\", line 347, in execute\n    self.error_handler.check_response(response)\n  File \"/usr/local/lib/python3.10/site-packages/selenium/webdriver/remote/errorhandler.py\", line 229, in check_response\n    raise exception_class(message, screen, stacktrace)\n",
      "steps" : [ ],
      "attachments" : [ ],
      "parameters" : [ ],
      "attachmentsCount" : 0,
      "shouldDisplayMessage" : true,
      "stepsCount" : 0,
      "hasContent" : true
    } ],
    "attachments" : [ {
      "uid" : "656f58d7fcd19c7b",
      "name" : "chrome-headless-shell-screenshot 2024-03-13 17:31:20.031353",
      "source" : "656f58d7fcd19c7b.png",
      "type" : "image/png",
      "size" : 1255124
    } ],
    "parameters" : [ ],
    "attachmentsCount" : 1,
    "shouldDisplayMessage" : true,
    "stepsCount" : 10,
    "hasContent" : true
  },
  "afterStages" : [ {
    "name" : "driver::0",
    "time" : {
      "start" : 1710351080034,
      "stop" : 1710351080142,
      "duration" : 108
    },
    "status" : "passed",
    "steps" : [ ],
    "attachments" : [ ],
    "parameters" : [ ],
    "attachmentsCount" : 0,
    "shouldDisplayMessage" : false,
    "stepsCount" : 0,
    "hasContent" : false
  } ],
  "labels" : [ {
    "name" : "parentSuite",
    "value" : "tests.UI_tests"
  }, {
    "name" : "suite",
    "value" : "tensor_test"
  }, {
    "name" : "subSuite",
    "value" : "TestTensorSuite"
  }, {
    "name" : "host",
    "value" : "31370d8c5507"
  }, {
    "name" : "thread",
    "value" : "7-MainThread"
  }, {
    "name" : "framework",
    "value" : "pytest"
  }, {
    "name" : "language",
    "value" : "cpython3"
  }, {
    "name" : "package",
    "value" : "tests.UI_tests.tensor_test"
  }, {
    "name" : "resultFormat",
    "value" : "allure2"
  } ],
  "parameters" : [ ],
  "links" : [ ],
  "hidden" : false,
  "retry" : false,
  "extra" : {
    "severity" : "normal",
    "retries" : [ ],
    "categories" : [ {
      "name" : "Test defects",
      "matchedStatuses" : [ ],
      "flaky" : false
    } ],
    "history" : {
      "statistic" : {
        "failed" : 0,
        "broken" : 7,
        "skipped" : 0,
        "passed" : 27,
        "unknown" : 0,
        "total" : 34
      },
      "items" : [ {
        "uid" : "a8308146ea1c1245",
        "status" : "passed",
        "time" : {
          "start" : 1710350112407,
          "stop" : 1710350132170,
          "duration" : 19763
        }
      }, {
        "uid" : "60e185f18fb9ec75",
        "status" : "passed",
        "time" : {
          "start" : 1710349947444,
          "stop" : 1710349960369,
          "duration" : 12925
        }
      }, {
        "uid" : "12096c940d1a3678",
        "status" : "passed",
        "time" : {
          "start" : 1710349173872,
          "stop" : 1710349186643,
          "duration" : 12771
        }
      }, {
        "uid" : "98783aaa07ea0ceb",
        "status" : "passed",
        "time" : {
          "start" : 1710348017379,
          "stop" : 1710348030566,
          "duration" : 13187
        }
      }, {
        "uid" : "c5528f21aaa59992",
        "status" : "passed",
        "time" : {
          "start" : 1710338659467,
          "stop" : 1710338674834,
          "duration" : 15367
        }
      }, {
        "uid" : "80f7a0c2946eb90d",
        "status" : "passed",
        "time" : {
          "start" : 1710335451095,
          "stop" : 1710335457203,
          "duration" : 6108
        }
      }, {
        "uid" : "7f217d7e86b21077",
        "status" : "passed",
        "time" : {
          "start" : 1710335372106,
          "stop" : 1710335378052,
          "duration" : 5946
        }
      }, {
        "uid" : "5dada13d0cd29a60",
        "status" : "passed",
        "time" : {
          "start" : 1710334117450,
          "stop" : 1710334125383,
          "duration" : 7933
        }
      }, {
        "uid" : "37155fd5ac016424",
        "status" : "passed",
        "time" : {
          "start" : 1710333609734,
          "stop" : 1710333616621,
          "duration" : 6887
        }
      }, {
        "uid" : "1539f1c625038d17",
        "status" : "passed",
        "time" : {
          "start" : 1710333283927,
          "stop" : 1710333289819,
          "duration" : 5892
        }
      }, {
        "uid" : "5e51947e0253c34a",
        "status" : "passed",
        "time" : {
          "start" : 1710324566427,
          "stop" : 1710324572190,
          "duration" : 5763
        }
      }, {
        "uid" : "8088ba10e46917ca",
        "status" : "broken",
        "statusDetails" : "selenium.common.exceptions.StaleElementReferenceException: Message: stale element reference: stale element not found\n  (Session info: chrome-headless-shell=122.0.6261.69); For documentation on this error, please visit: https://www.selenium.dev/documentation/webdriver/troubleshooting/errors#stale-element-reference-exception\nStacktrace:\n#0 0x60a4f9876793 <unknown>\n#1 0x60a4f956a1c6 <unknown>\n#2 0x60a4f956f59c <unknown>\n#3 0x60a4f95715f2 <unknown>\n#4 0x60a4f95f6de8 <unknown>\n#5 0x60a4f95d73d2 <unknown>\n#6 0x60a4f95f5dd9 <unknown>\n#7 0x60a4f95d7173 <unknown>\n#8 0x60a4f95a82d3 <unknown>\n#9 0x60a4f95a8c9e <unknown>\n#10 0x60a4f983a8cb <unknown>\n#11 0x60a4f983e745 <unknown>\n#12 0x60a4f98272e1 <unknown>\n#13 0x60a4f983f2d2 <unknown>\n#14 0x60a4f980b17f <unknown>\n#15 0x60a4f9864dc8 <unknown>\n#16 0x60a4f9864fc3 <unknown>\n#17 0x60a4f9875944 <unknown>\n#18 0x709ecaa40ac3 <unknown>",
        "time" : {
          "start" : 1710320952271,
          "stop" : 1710320956156,
          "duration" : 3885
        }
      }, {
        "uid" : "ceb16d3982b4f29e",
        "status" : "broken",
        "statusDetails" : "selenium.common.exceptions.StaleElementReferenceException: Message: stale element reference: stale element not found\n  (Session info: chrome-headless-shell=122.0.6261.69); For documentation on this error, please visit: https://www.selenium.dev/documentation/webdriver/troubleshooting/errors#stale-element-reference-exception\nStacktrace:\n#0 0x61d847649793 <unknown>\n#1 0x61d84733d1c6 <unknown>\n#2 0x61d84734259c <unknown>\n#3 0x61d8473445f2 <unknown>\n#4 0x61d8473c9de8 <unknown>\n#5 0x61d8473aa3d2 <unknown>\n#6 0x61d8473c8dd9 <unknown>\n#7 0x61d8473aa173 <unknown>\n#8 0x61d84737b2d3 <unknown>\n#9 0x61d84737bc9e <unknown>\n#10 0x61d84760d8cb <unknown>\n#11 0x61d847611745 <unknown>\n#12 0x61d8475fa2e1 <unknown>\n#13 0x61d8476122d2 <unknown>\n#14 0x61d8475de17f <unknown>\n#15 0x61d847637dc8 <unknown>\n#16 0x61d847637fc3 <unknown>\n#17 0x61d847648944 <unknown>\n#18 0x71e9c919dac3 <unknown>",
        "time" : {
          "start" : 1710320799720,
          "stop" : 1710320804167,
          "duration" : 4447
        }
      }, {
        "uid" : "734feb80743b1a21",
        "status" : "passed",
        "time" : {
          "start" : 1710315680824,
          "stop" : 1710315687031,
          "duration" : 6207
        }
      }, {
        "uid" : "3a239736c63f2885",
        "status" : "passed",
        "time" : {
          "start" : 1710306715557,
          "stop" : 1710306721168,
          "duration" : 5611
        }
      }, {
        "uid" : "dec89863c3c1ff4d",
        "status" : "passed",
        "time" : {
          "start" : 1710248157584,
          "stop" : 1710248163766,
          "duration" : 6182
        }
      }, {
        "uid" : "b7cdf25781761631",
        "status" : "passed",
        "time" : {
          "start" : 1710247023716,
          "stop" : 1710247031920,
          "duration" : 8204
        }
      }, {
        "uid" : "12faf58355c3fbb9",
        "status" : "passed",
        "time" : {
          "start" : 1710245920418,
          "stop" : 1710245926284,
          "duration" : 5866
        }
      }, {
        "uid" : "7a10674faf05b6b5",
        "status" : "passed",
        "time" : {
          "start" : 1710245899095,
          "stop" : 1710245904986,
          "duration" : 5891
        }
      }, {
        "uid" : "82395f927efc9aaa",
        "status" : "passed",
        "time" : {
          "start" : 1710245419359,
          "stop" : 1710245424965,
          "duration" : 5606
        }
      } ]
    },
    "tags" : [ ]
  },
  "source" : "8379d6e06ed05408.json",
  "parameterValues" : [ ]
}