{
  "uid" : "ac87bb85764235ce",
  "name" : "test_second_scenario",
  "fullName" : "tests.UI_tests.tensor_test.TestTensorSuite#test_second_scenario",
  "historyId" : "88684a98bb28e589fd77f4810ecf80ed",
  "time" : {
    "start" : 1710327362316,
    "stop" : 1710327379857,
    "duration" : 17541
  },
  "description" : "Изменение региона на 'Камчатский край'",
  "descriptionHtml" : "<p>Изменение региона на 'Камчатский край'</p>\n",
  "status" : "broken",
  "statusMessage" : "selenium.common.exceptions.TimeoutException: Message:",
  "statusTrace" : "self = <tensor_test.TestTensorSuite object at 0x7f3881274820>\ndriver = <selenium.webdriver.remote.webdriver.WebDriver (session=\"c88d078508c810603bedecd0e6b277b8\")>\n\n    @allure.description(\"Изменение региона на 'Камчатский край'\")\n    def test_second_scenario(self, driver):\n        self.sbis_home_page.open()\n        self.sbis_home_page.is_opened()\n        self.sbis_home_page.click_to_contacts_link()\n        self.sbis_contacts_page.is_opened()\n>       self.sbis_contacts_page.this_region_is_checked(settings.HOME_REGION)\n\ntests/UI_tests/tensor_test.py:41: \n_ _ _ _ _ _ _ _ _ _ _ _ _ _ _ _ _ _ _ _ _ _ _ _ _ _ _ _ _ _ _ _ _ _ _ _ _ _ _ _ \ncore/POM/pages/sbis_contacts_page.py:44: in this_region_is_checked\n    self.wait.until(\n_ _ _ _ _ _ _ _ _ _ _ _ _ _ _ _ _ _ _ _ _ _ _ _ _ _ _ _ _ _ _ _ _ _ _ _ _ _ _ _ \n\nself = <selenium.webdriver.support.wait.WebDriverWait (session=\"c88d078508c810603bedecd0e6b277b8\")>\nmethod = <function text_to_be_present_in_element.<locals>._predicate at 0x7f38811f9a20>\nmessage = ''\n\n    def until(self, method: Callable[[D], Union[Literal[False], T]], message: str = \"\") -> T:\n        \"\"\"Calls the method provided with the driver as an argument until the \\\n        return value does not evaluate to ``False``.\n    \n        :param method: callable(WebDriver)\n        :param message: optional message for :exc:`TimeoutException`\n        :returns: the result of the last call to `method`\n        :raises: :exc:`selenium.common.exceptions.TimeoutException` if timeout occurs\n        \"\"\"\n        screen = None\n        stacktrace = None\n    \n        end_time = time.monotonic() + self._timeout\n        while True:\n            try:\n                value = method(self._driver)\n                if value:\n                    return value\n            except self._ignored_exceptions as exc:\n                screen = getattr(exc, \"screen\", None)\n                stacktrace = getattr(exc, \"stacktrace\", None)\n            time.sleep(self._poll)\n            if time.monotonic() > end_time:\n                break\n>       raise TimeoutException(message, screen, stacktrace)\nE       selenium.common.exceptions.TimeoutException: Message:\n\n../local/lib/python3.10/site-packages/selenium/webdriver/support/wait.py:105: TimeoutException",
  "flaky" : false,
  "newFailed" : false,
  "beforeStages" : [ {
    "name" : "setup",
    "time" : {
      "start" : 1710327362316,
      "stop" : 1710327362316,
      "duration" : 0
    },
    "status" : "passed",
    "steps" : [ ],
    "attachments" : [ ],
    "parameters" : [ ],
    "attachmentsCount" : 0,
    "shouldDisplayMessage" : false,
    "stepsCount" : 0,
    "hasContent" : false
  }, {
    "name" : "remove_download_directory",
    "time" : {
      "start" : 1710327345570,
      "stop" : 1710327345570,
      "duration" : 0
    },
    "status" : "passed",
    "steps" : [ ],
    "attachments" : [ ],
    "parameters" : [ ],
    "attachmentsCount" : 0,
    "shouldDisplayMessage" : false,
    "stepsCount" : 0,
    "hasContent" : false
  }, {
    "name" : "driver",
    "time" : {
      "start" : 1710327362132,
      "stop" : 1710327362316,
      "duration" : 184
    },
    "status" : "passed",
    "steps" : [ ],
    "attachments" : [ ],
    "parameters" : [ ],
    "attachmentsCount" : 0,
    "shouldDisplayMessage" : false,
    "stepsCount" : 0,
    "hasContent" : false
  } ],
  "testStage" : {
    "description" : "Изменение региона на 'Камчатский край'",
    "status" : "broken",
    "statusMessage" : "selenium.common.exceptions.TimeoutException: Message:",
    "statusTrace" : "self = <tensor_test.TestTensorSuite object at 0x7f3881274820>\ndriver = <selenium.webdriver.remote.webdriver.WebDriver (session=\"c88d078508c810603bedecd0e6b277b8\")>\n\n    @allure.description(\"Изменение региона на 'Камчатский край'\")\n    def test_second_scenario(self, driver):\n        self.sbis_home_page.open()\n        self.sbis_home_page.is_opened()\n        self.sbis_home_page.click_to_contacts_link()\n        self.sbis_contacts_page.is_opened()\n>       self.sbis_contacts_page.this_region_is_checked(settings.HOME_REGION)\n\ntests/UI_tests/tensor_test.py:41: \n_ _ _ _ _ _ _ _ _ _ _ _ _ _ _ _ _ _ _ _ _ _ _ _ _ _ _ _ _ _ _ _ _ _ _ _ _ _ _ _ \ncore/POM/pages/sbis_contacts_page.py:44: in this_region_is_checked\n    self.wait.until(\n_ _ _ _ _ _ _ _ _ _ _ _ _ _ _ _ _ _ _ _ _ _ _ _ _ _ _ _ _ _ _ _ _ _ _ _ _ _ _ _ \n\nself = <selenium.webdriver.support.wait.WebDriverWait (session=\"c88d078508c810603bedecd0e6b277b8\")>\nmethod = <function text_to_be_present_in_element.<locals>._predicate at 0x7f38811f9a20>\nmessage = ''\n\n    def until(self, method: Callable[[D], Union[Literal[False], T]], message: str = \"\") -> T:\n        \"\"\"Calls the method provided with the driver as an argument until the \\\n        return value does not evaluate to ``False``.\n    \n        :param method: callable(WebDriver)\n        :param message: optional message for :exc:`TimeoutException`\n        :returns: the result of the last call to `method`\n        :raises: :exc:`selenium.common.exceptions.TimeoutException` if timeout occurs\n        \"\"\"\n        screen = None\n        stacktrace = None\n    \n        end_time = time.monotonic() + self._timeout\n        while True:\n            try:\n                value = method(self._driver)\n                if value:\n                    return value\n            except self._ignored_exceptions as exc:\n                screen = getattr(exc, \"screen\", None)\n                stacktrace = getattr(exc, \"stacktrace\", None)\n            time.sleep(self._poll)\n            if time.monotonic() > end_time:\n                break\n>       raise TimeoutException(message, screen, stacktrace)\nE       selenium.common.exceptions.TimeoutException: Message:\n\n../local/lib/python3.10/site-packages/selenium/webdriver/support/wait.py:105: TimeoutException",
    "steps" : [ {
      "name" : "Open https://sbis.ru page",
      "time" : {
        "start" : 1710327362316,
        "stop" : 1710327366131,
        "duration" : 3815
      },
      "status" : "passed",
      "steps" : [ ],
      "attachments" : [ ],
      "parameters" : [ ],
      "attachmentsCount" : 0,
      "shouldDisplayMessage" : false,
      "stepsCount" : 0,
      "hasContent" : false
    }, {
      "name" : "Page https://sbis.ru is opened",
      "time" : {
        "start" : 1710327366131,
        "stop" : 1710327366152,
        "duration" : 21
      },
      "status" : "passed",
      "steps" : [ ],
      "attachments" : [ ],
      "parameters" : [ ],
      "attachmentsCount" : 0,
      "shouldDisplayMessage" : false,
      "stepsCount" : 0,
      "hasContent" : false
    }, {
      "name" : "Click on 'Контакты' link",
      "time" : {
        "start" : 1710327366153,
        "stop" : 1710327368563,
        "duration" : 2410
      },
      "status" : "passed",
      "steps" : [ ],
      "attachments" : [ ],
      "parameters" : [ ],
      "attachmentsCount" : 0,
      "shouldDisplayMessage" : false,
      "stepsCount" : 0,
      "hasContent" : false
    }, {
      "name" : "Page https://sbis.ru/contacts is opened",
      "time" : {
        "start" : 1710327368563,
        "stop" : 1710327369609,
        "duration" : 1046
      },
      "status" : "passed",
      "steps" : [ ],
      "attachments" : [ ],
      "parameters" : [ ],
      "attachmentsCount" : 0,
      "shouldDisplayMessage" : false,
      "stepsCount" : 0,
      "hasContent" : false
    }, {
      "name" : "Region 'Оренбургская обл.' is checked",
      "time" : {
        "start" : 1710327369609,
        "stop" : 1710327379856,
        "duration" : 10247
      },
      "status" : "broken",
      "statusMessage" : "selenium.common.exceptions.TimeoutException: Message: \n\n",
      "statusTrace" : "  File \"/usr/workspace/core/POM/pages/sbis_contacts_page.py\", line 44, in this_region_is_checked\n    self.wait.until(\n  File \"/usr/local/lib/python3.10/site-packages/selenium/webdriver/support/wait.py\", line 105, in until\n    raise TimeoutException(message, screen, stacktrace)\n",
      "steps" : [ ],
      "attachments" : [ ],
      "parameters" : [ ],
      "attachmentsCount" : 0,
      "shouldDisplayMessage" : true,
      "stepsCount" : 0,
      "hasContent" : true
    } ],
    "attachments" : [ ],
    "parameters" : [ ],
    "attachmentsCount" : 0,
    "shouldDisplayMessage" : true,
    "stepsCount" : 5,
    "hasContent" : true
  },
  "afterStages" : [ {
    "name" : "driver::0",
    "time" : {
      "start" : 1710327379903,
      "stop" : 1710327380001,
      "duration" : 98
    },
    "status" : "passed",
    "steps" : [ ],
    "attachments" : [ ],
    "parameters" : [ ],
    "attachmentsCount" : 0,
    "shouldDisplayMessage" : false,
    "stepsCount" : 0,
    "hasContent" : false
  } ],
  "labels" : [ {
    "name" : "parentSuite",
    "value" : "tests.UI_tests"
  }, {
    "name" : "suite",
    "value" : "tensor_test"
  }, {
    "name" : "subSuite",
    "value" : "TestTensorSuite"
  }, {
    "name" : "host",
    "value" : "aee6eea8a12d"
  }, {
    "name" : "thread",
    "value" : "7-MainThread"
  }, {
    "name" : "framework",
    "value" : "pytest"
  }, {
    "name" : "language",
    "value" : "cpython3"
  }, {
    "name" : "package",
    "value" : "tests.UI_tests.tensor_test"
  }, {
    "name" : "resultFormat",
    "value" : "allure2"
  } ],
  "parameters" : [ ],
  "links" : [ ],
  "hidden" : false,
  "retry" : false,
  "extra" : {
    "severity" : "normal",
    "retries" : [ ],
    "categories" : [ {
      "name" : "Test defects",
      "matchedStatuses" : [ ],
      "flaky" : false
    } ],
    "history" : {
      "statistic" : {
        "failed" : 0,
        "broken" : 4,
        "skipped" : 0,
        "passed" : 0,
        "unknown" : 0,
        "total" : 4
      },
      "items" : [ {
        "uid" : "9eea8ac0307122d",
        "status" : "broken",
        "statusDetails" : "selenium.common.exceptions.TimeoutException: Message:",
        "time" : {
          "start" : 1710324076679,
          "stop" : 1710324094106,
          "duration" : 17427
        }
      }, {
        "uid" : "8c9dbf9a9e731812",
        "status" : "broken",
        "statusDetails" : "selenium.common.exceptions.TimeoutException: Message:",
        "time" : {
          "start" : 1710323741823,
          "stop" : 1710323758742,
          "duration" : 16919
        }
      }, {
        "uid" : "eabc10961a0f9245",
        "status" : "broken",
        "statusDetails" : "selenium.common.exceptions.TimeoutException: Message:",
        "time" : {
          "start" : 1710322242701,
          "stop" : 1710322259093,
          "duration" : 16392
        }
      } ]
    },
    "tags" : [ ]
  },
  "source" : "ac87bb85764235ce.json",
  "parameterValues" : [ ]
}